src/subPackages/reduxToolkit.testeranto.test.ts(16,29): error TS2307: Cannot find module '../src/app' or its corresponding type declarations.
  Type 'ITestImplementation<ITestShape, { givens: { [x: string]: () => (...Iw: IAppSpecification) => IStoreState; }; whens: { [K in keyof ITestShape["whens"]]: (...Iw: ITestShape["whens"][K]) => WhenShape; }; }>' is not assignable to type 'Omit<{ suites: { [K in keyof ITestShape["suites"]]: string; }; givens: { [K in keyof ITestShape["givens"]]: (...Ig: ITestShape["givens"][K]) => ITestShape["given"]; }; whens: { [K in keyof ITestShape["whens"]]: (...Iw: ITestShape["whens"][K]) => (zel: ITestShape["iselection"], utils: PM) => Promise<...>; }; thens: {...'.
    Types of property 'givens' are incompatible.
      Type '{ [x: string]: () => (...Iw: IAppSpecification) => IStoreState; }' is not assignable to type '{ [K in keyof ITestShape["givens"]]: (...Ig: ITestShape["givens"][K]) => ITestShape["given"]; }'.
src/subPackages/reduxToolkit.testeranto.test.ts(17,35): error TS2307: Cannot find module '../src/app.test' or its corresponding type declarations.
  Type 'ITestImplementation<ITestShape, { givens: { [x: string]: () => (...Iw: IAppSpecification) => IStoreState; }; whens: { [K in keyof ITestShape["whens"]]: (...Iw: ITestShape["whens"][K]) => WhenShape; }; }>' is not assignable to type 'Omit<{ suites: { [K in keyof ITestShape["suites"]]: string; }; givens: { [K in keyof ITestShape["givens"]]: (...Ig: ITestShape["givens"][K]) => ITestShape["given"]; }; whens: { [K in keyof ITestShape["whens"]]: (...Iw: ITestShape["whens"][K]) => (zel: ITestShape["iselection"], utils: PM) => Promise<...>; }; thens: {...'.
    Types of property 'givens' are incompatible.
      Type '{ [x: string]: () => (...Iw: IAppSpecification) => IStoreState; }' is not assignable to type '{ [K in keyof ITestShape["givens"]]: (...Ig: ITestShape["givens"][K]) => ITestShape["given"]; }'.
src/subPackages/reduxToolkit.testeranto.test.ts(40,22): error TS2314: Generic type 'IBaseTest' requires 12 type argument(s).
  Type 'ITestImplementation<ITestShape, { givens: { [x: string]: () => (...Iw: IAppSpecification) => IStoreState; }; whens: { [K in keyof ITestShape["whens"]]: (...Iw: ITestShape["whens"][K]) => WhenShape; }; }>' is not assignable to type 'Omit<{ suites: { [K in keyof ITestShape["suites"]]: string; }; givens: { [K in keyof ITestShape["givens"]]: (...Ig: ITestShape["givens"][K]) => ITestShape["given"]; }; whens: { [K in keyof ITestShape["whens"]]: (...Iw: ITestShape["whens"][K]) => (zel: ITestShape["iselection"], utils: PM) => Promise<...>; }; thens: {...'.
    Types of property 'givens' are incompatible.
      Type '{ [x: string]: () => (...Iw: IAppSpecification) => IStoreState; }' is not assignable to type '{ [K in keyof ITestShape["givens"]]: (...Ig: ITestShape["givens"][K]) => ITestShape["given"]; }'.
src/subPackages/reduxToolkit.testeranto.test.ts(84,5): error TS2345: Argument of type 'ITestImplementation<ITestShape, { givens: { [x: string]: () => (...Iw: IAppSpecification) => IStoreState; }; whens: { [K in keyof ITestShape["whens"]]: (...Iw: ITestShape["whens"][K]) => WhenShape; }; }>' is not assignable to parameter of type 'ITestImplementation<ITestShape, object>'.
  Type 'ITestImplementation<ITestShape, { givens: { [x: string]: () => (...Iw: IAppSpecification) => IStoreState; }; whens: { [K in keyof ITestShape["whens"]]: (...Iw: ITestShape["whens"][K]) => WhenShape; }; }>' is not assignable to type 'Omit<{ suites: { [K in keyof ITestShape["suites"]]: string; }; givens: { [K in keyof ITestShape["givens"]]: (...Ig: ITestShape["givens"][K]) => ITestShape["given"]; }; whens: { [K in keyof ITestShape["whens"]]: (...Iw: ITestShape["whens"][K]) => (zel: ITestShape["iselection"], utils: PM) => Promise<...>; }; thens: {...'.
    Types of property 'givens' are incompatible.
      Type '{ [x: string]: () => (...Iw: IAppSpecification) => IStoreState; }' is not assignable to type '{ [K in keyof ITestShape["givens"]]: (...Ig: ITestShape["givens"][K]) => ITestShape["given"]; }'.