src/subPackages/solidity/Contract-rpc.testeranto.test.ts(2,23): error TS2688: Cannot find type definition file for './index.d.ts'.
  Types of property 'beforeEach' are incompatible.
    Type '((subject: IT["isubject"], initializer: (c?: any) => IT["given"], testResource: ITTestResourceConfiguration, initialValues: any, pm: PM) => Promise<...>) | undefined' is not assignable to type '((subject: IT["isubject"], initializer: (c?: any) => IT["given"], artificer: ITestArtificer, testResource: ITTestResourceConfiguration, initialValues: any, pm: PM) => Promise<...>) | undefined'.
      Type '(subject: IT["isubject"], initializer: (c?: any) => IT["given"], testResource: ITTestResourceConfiguration, initialValues: any, pm: PM) => Promise<...>' is not assignable to type '(subject: IT["isubject"], initializer: (c?: any) => IT["given"], artificer: ITestArtificer, testResource: ITTestResourceConfiguration, initialValues: any, pm: PM) => Promise<...>'.

src/subPackages/solidity/Contract-rpc.testeranto.test.ts(17,32): error TS2307: Cannot find module '../../../testeranto/src/lib/types' or its corresponding type declarations.
  Types of property 'beforeEach' are incompatible.
    Type '((subject: IT["isubject"], initializer: (c?: any) => IT["given"], testResource: ITTestResourceConfiguration, initialValues: any, pm: PM) => Promise<...>) | undefined' is not assignable to type '((subject: IT["isubject"], initializer: (c?: any) => IT["given"], artificer: ITestArtificer, testResource: ITTestResourceConfiguration, initialValues: any, pm: PM) => Promise<...>) | undefined'.
      Type '(subject: IT["isubject"], initializer: (c?: any) => IT["given"], testResource: ITTestResourceConfiguration, initialValues: any, pm: PM) => Promise<...>' is not assignable to type '(subject: IT["isubject"], initializer: (c?: any) => IT["given"], artificer: ITestArtificer, testResource: ITTestResourceConfiguration, initialValues: any, pm: PM) => Promise<...>'.

src/subPackages/solidity/Contract-rpc.testeranto.test.ts(28,28): error TS2314: Generic type 'IBaseTest' requires 12 type argument(s).
  Types of property 'beforeEach' are incompatible.
    Type '((subject: IT["isubject"], initializer: (c?: any) => IT["given"], testResource: ITTestResourceConfiguration, initialValues: any, pm: PM) => Promise<...>) | undefined' is not assignable to type '((subject: IT["isubject"], initializer: (c?: any) => IT["given"], artificer: ITestArtificer, testResource: ITTestResourceConfiguration, initialValues: any, pm: PM) => Promise<...>) | undefined'.
      Type '(subject: IT["isubject"], initializer: (c?: any) => IT["given"], testResource: ITTestResourceConfiguration, initialValues: any, pm: PM) => Promise<...>' is not assignable to type '(subject: IT["isubject"], initializer: (c?: any) => IT["given"], artificer: ITestArtificer, testResource: ITTestResourceConfiguration, initialValues: any, pm: PM) => Promise<...>'.

src/subPackages/solidity/Contract-rpc.testeranto.test.ts(88,13): error TS2345: Argument of type '{ contractNearSide: ContractWeb3; contractFarSide: ethers.Contract; accounts: string[]; server: Server<EthereumFlavor>; }' is not assignable to parameter of type 'IT["istore"] | PromiseLike<IT["istore"]>'.
  Types of property 'beforeEach' are incompatible.
    Type '((subject: IT["isubject"], initializer: (c?: any) => IT["given"], testResource: ITTestResourceConfiguration, initialValues: any, pm: PM) => Promise<...>) | undefined' is not assignable to type '((subject: IT["isubject"], initializer: (c?: any) => IT["given"], artificer: ITestArtificer, testResource: ITTestResourceConfiguration, initialValues: any, pm: PM) => Promise<...>) | undefined'.
      Type '(subject: IT["isubject"], initializer: (c?: any) => IT["given"], testResource: ITTestResourceConfiguration, initialValues: any, pm: PM) => Promise<...>' is not assignable to type '(subject: IT["isubject"], initializer: (c?: any) => IT["given"], artificer: ITestArtificer, testResource: ITTestResourceConfiguration, initialValues: any, pm: PM) => Promise<...>'.

src/subPackages/solidity/Contract-rpc.testeranto.test.ts(114,5): error TS2345: Argument of type 'Partial<ITestInterface<IT>>' is not assignable to parameter of type 'Partial<INodeTestInterface<IT>>'.
  Types of property 'beforeEach' are incompatible.
    Type '((subject: IT["isubject"], initializer: (c?: any) => IT["given"], testResource: ITTestResourceConfiguration, initialValues: any, pm: PM) => Promise<...>) | undefined' is not assignable to type '((subject: IT["isubject"], initializer: (c?: any) => IT["given"], artificer: ITestArtificer, testResource: ITTestResourceConfiguration, initialValues: any, pm: PM) => Promise<...>) | undefined'.
      Type '(subject: IT["isubject"], initializer: (c?: any) => IT["given"], testResource: ITTestResourceConfiguration, initialValues: any, pm: PM) => Promise<...>' is not assignable to type '(subject: IT["isubject"], initializer: (c?: any) => IT["given"], artificer: ITestArtificer, testResource: ITTestResourceConfiguration, initialValues: any, pm: PM) => Promise<...>'.
