src/subPackages/solidity/Contract.testeranto.test.ts(1,23): error TS2688: Cannot find type definition file for './index.d.ts'.
src/subPackages/solidity/Contract.testeranto.test.ts(41,24): error TS2314: Generic type 'ITestImplementation' requires 2 type argument(s).