src/app.reduxToolkit.test.ts(61,34): error TS2322: Type 'ActionCreatorWithPayload<string, `${string}/setEmail`>' is not assignable to type 'ActionCreatorWithNonInferrablePayload<string> | ActionCreatorWithoutPayload<string>'.
  Type 'ITestImplementation<IAppSpecification, { givens: { AnEmptyState: () => () => IStoreState; AStateWithEmail: () => (Iw_0: string) => IStoreState; }; whens: { TheLoginIsSubmitted: () => [...]; TheEmailIsSetTo: (Iw_0: string) => [...]; ThePasswordIsSetTo: (Iw_0: string) => [...]; }; checks: { ...; }; }>' is not assignable to type 'Omit<{ suites: { Default: string; }; givens: { AnEmptyState: () => (initValues: any) => () => StoreEnhancerStoreCreator<any, any>; AStateWithEmail: (Ig_0: string) => (initValues: any) => () => StoreEnhancerStoreCreator<...>; }; whens: { ...; }; thens: { ...; }; checks: { ...; }; }, "givens" | "whens">'.
    The types returned by 'checks.AnEmptyState(...)(...)' are incompatible between these types.
      Type 'IStoreState' is not assignable to type '() => StoreEnhancerStoreCreator<any, any>'.
        Type 'IStoreState' provides no match for the signature '(): StoreEnhancerStoreCreator<any, any>'.
src/app.reduxToolkit.test.ts(62,40): error TS2322: Type 'ActionCreatorWithPayload<string, `${string}/setPassword`>' is not assignable to type 'ActionCreatorWithNonInferrablePayload<string> | ActionCreatorWithoutPayload<string>'.
  Type 'ITestImplementation<IAppSpecification, { givens: { AnEmptyState: () => () => IStoreState; AStateWithEmail: () => (Iw_0: string) => IStoreState; }; whens: { TheLoginIsSubmitted: () => [...]; TheEmailIsSetTo: (Iw_0: string) => [...]; ThePasswordIsSetTo: (Iw_0: string) => [...]; }; checks: { ...; }; }>' is not assignable to type 'Omit<{ suites: { Default: string; }; givens: { AnEmptyState: () => (initValues: any) => () => StoreEnhancerStoreCreator<any, any>; AStateWithEmail: (Ig_0: string) => (initValues: any) => () => StoreEnhancerStoreCreator<...>; }; whens: { ...; }; thens: { ...; }; checks: { ...; }; }, "givens" | "whens">'.
    The types returned by 'checks.AnEmptyState(...)(...)' are incompatible between these types.
      Type 'IStoreState' is not assignable to type '() => StoreEnhancerStoreCreator<any, any>'.
        Type 'IStoreState' provides no match for the signature '(): StoreEnhancerStoreCreator<any, any>'.
src/app.reduxToolkit.test.ts(83,3): error TS2345: Argument of type 'ITestImplementation<IAppSpecification, { givens: { AnEmptyState: () => () => IStoreState; AStateWithEmail: () => (Iw_0: string) => IStoreState; }; whens: { TheLoginIsSubmitted: () => [...]; TheEmailIsSetTo: (Iw_0: string) => [...]; ThePasswordIsSetTo: (Iw_0: string) => [...]; }; checks: { ...; }; }>' is not assignable to parameter of type 'ITestImplementation<IAppSpecification, { givens: { AnEmptyState: () => () => IStoreState; AStateWithEmail: () => (Iw_0: string) => IStoreState; }; whens: { TheLoginIsSubmitted: () => WhenShape; TheEmailIsSetTo: (Iw_0: string) => WhenShape; ThePasswordIsSetTo: (Iw_0: string) => WhenShape; }; }>'.
  Type 'ITestImplementation<IAppSpecification, { givens: { AnEmptyState: () => () => IStoreState; AStateWithEmail: () => (Iw_0: string) => IStoreState; }; whens: { TheLoginIsSubmitted: () => [...]; TheEmailIsSetTo: (Iw_0: string) => [...]; ThePasswordIsSetTo: (Iw_0: string) => [...]; }; checks: { ...; }; }>' is not assignable to type 'Omit<{ suites: { Default: string; }; givens: { AnEmptyState: () => (initValues: any) => () => StoreEnhancerStoreCreator<any, any>; AStateWithEmail: (Ig_0: string) => (initValues: any) => () => StoreEnhancerStoreCreator<...>; }; whens: { ...; }; thens: { ...; }; checks: { ...; }; }, "givens" | "whens">'.
    The types returned by 'checks.AnEmptyState(...)(...)' are incompatible between these types.
      Type 'IStoreState' is not assignable to type '() => StoreEnhancerStoreCreator<any, any>'.
        Type 'IStoreState' provides no match for the signature '(): StoreEnhancerStoreCreator<any, any>'.