src/google.puppeteer.testeranto.test.ts(3,37): error TS2307: Cannot find module '../myTests/puppeteer.testeranto.test' or its corresponding type declarations.

src/google.puppeteer.testeranto.test.ts(3,37): error TS2307: Cannot find module '../myTests/puppeteer.testeranto.test' or its corresponding type declarations.
