src/MyFirstContract.specification.test.ts(3,29): error TS2307: Cannot find module './contracts/MyFirstContract.sol' or its corresponding type declarations.
src/MyFirstContract.specification.test.ts(3,29): error TS2307: Cannot find module './contracts/MyFirstContract.sol' or its corresponding type declarations.