src/LoginPage/react-test-renderer/test.tsx(44,32): error TS2322: Type '(component: any) => void' is not assignable to type '(zel: any, utils: PM) => Promise<void>'.
src/LoginPage/react-test-renderer/test.tsx(61,3): error TS2739: Type '{ TheEmailIs: (email: string) => (component: any) => void; TheEmailIsNot: (email: string) => (component: any) => void; ThePasswordIs: (password: string) => (component: any) => void; ThePasswordIsNot: (password: string) => (component: any) => void; ThereIsAnEmailError: () => (component: ReactTestRenderer) => void; Th...' is missing the following properties from type '{ TheEmailIs: (It_0: string) => (ssel: any, utils: PM) => unknown; TheEmailIsNot: (It_0: string) => (ssel: any, utils: PM) => unknown; ThePasswordIs: (It_0: string) => (ssel: any, utils: PM) => unknown; ... 5 more ...; TheSubmitButtonIsNotActive: () => (ssel: any, utils: PM) => unknown; }': ThereIsACredentialError, TheSubmitButtonIsActive, TheSubmitButtonIsNotActive