src/Rectangle/Rectangle.test.electron.ts(11,3): error TS2345: Argument of type 'ITestImplementation<IRectangleTestShape, { givens: { Default: (...Iw: any) => Rectangle; WidthOfOneAndHeightOfOne: (...Iw: any) => Rectangle; WidthAndHeightOf: (Iw_0: number, Iw_1: number) => Rectangle; }; whens: { ...; }; }>' is not assignable to parameter of type 'ITestImplementation<IRectangleTestShape, object>'.
src/Rectangle/Rectangle.test.electron.ts(21,35): error TS2339: Property 'browser' does not exist on type 'PM'.