src/Rectangle/Rectangle.test.puppeteer.ts(1,24): error TS2307: Cannot find module 'testeranto/src/core-puppeteer' or its corresponding type declarations.
src/Rectangle/Rectangle.test.puppeteer.ts(5,3): error TS2305: Module '"../Rectangle.test"' has no exported member 'Input'.
src/Rectangle/Rectangle.test.puppeteer.ts(6,3): error TS2459: Module '"../Rectangle.test"' declares 'IRectangleTestShape' locally, but it is not exported.
src/Rectangle/Rectangle.test.puppeteer.ts(9,3): error TS2305: Module '"../Rectangle.test"' has no exported member 'RectangleTesterantoBaseTestImplementation'.
src/Rectangle/Rectangle.test.puppeteer.ts(10,3): error TS2305: Module '"../Rectangle.test"' has no exported member 'RectangleTesterantoBaseTestSpecification'.
src/Rectangle/Rectangle.test.puppeteer.ts(11,3): error TS2305: Module '"../Rectangle.test"' has no exported member 'ThenShape'.
src/Rectangle/Rectangle.test.puppeteer.ts(12,3): error TS2305: Module '"../Rectangle.test"' has no exported member 'WhenShape'.