src/subPackages/redux.testeranto.test.ts(53,5): error TS2344: Type '{ givens: { [K in keyof ITestShape["givens"]]: () => (...Iw: ITestShape["givens"][K]) => ITestShape; }; whens: { [K in keyof ITestShape["whens"]]: (...Iw: ITestShape["whens"][K]) => WhenShape; }; }' does not satisfy the constraint 'IBaseTest<unknown, unknown, unknown, unknown, unknown, unknown, unknown, Record<string, any>, Record<string, any>, Record<string, any>, Record<string, any>, Record<string, any>>'.
src/subPackages/redux.testeranto.test.ts(72,9): error TS2769: No overload matches this call.
src/subPackages/redux.testeranto.test.ts(72,23): error TS2554: Expected 0 arguments, but got 1.