{
  "name": "Testing the Rectangle class",
  "givens": [
    {
      "name": "Default",
      "whens": [
        {
          "name": "setWidth: 4"
        },
        {
          "name": "setHeight: 9"
        }
      ],
      "thens": [
        {
          "name": "getWidth: 4"
        },
        {
          "name": "getHeight: 9"
        }
      ],
      "error": null,
      "features": [
        "hello"
      ]
    },
    {
      "name": "Default",
      "whens": [
        {
          "name": "setWidth: 4"
        },
        {
          "name": "setHeight: 5"
        }
      ],
      "thens": [
        {
          "name": "getWidth: 4"
        },
        {
          "name": "getHeight: 5"
        },
        {
          "name": "area: 20"
        },
        {
          "name": "AreaPlusCircumference: 38"
        }
      ],
      "error": null,
      "features": [
        "hello"
      ]
    },
    {
      "name": "Default",
      "whens": [
        {
          "name": "setHeight: 4"
        },
        {
          "name": "setWidth: 3"
        }
      ],
      "thens": [
        {
          "name": "area: 12"
        }
      ],
      "error": null,
      "features": [
        "hello"
      ]
    },
    {
      "name": "Default",
      "whens": [
        {
          "name": "setHeight: 5"
        },
        {
          "name": "setWidth: 55"
        }
      ],
      "thens": [
        {
          "name": "area: 25",
          "error": true
        }
      ],
      "error": [
        {
          "name": "AssertionError",
          "message": "expected 275 to equal 25",
          "showDiff": true,
          "actual": 275,
          "expected": 25,
          "operator": "strictEqual",
          "stack": "AssertionError: expected 275 to equal 25\n    at file:///Users/adam/Code/kokomoBay/dist/node/src/Rectangle/Rectangle.test.node.mjs:4915:43\n    at Object.butThen (file:///Users/adam/Code/kokomoBay/dist/node/src/Rectangle/Rectangle.test.node.mjs:4179:37)\n    at Then.butThen (file:///Users/adam/Code/kokomoBay/dist/node/src/Rectangle/Rectangle.test.node.mjs:4706:42)\n    at Then.test (file:///Users/adam/Code/kokomoBay/dist/node/src/Rectangle/Rectangle.test.node.mjs:4384:28)\n    at Given.give (file:///Users/adam/Code/kokomoBay/dist/node/src/Rectangle/Rectangle.test.node.mjs:4318:34)\n    at async Testeranto.givenThat.run (file:///Users/adam/Code/kokomoBay/dist/node/src/Rectangle/Rectangle.test.node.mjs:4236:22)\n    at async file:///Users/adam/Code/kokomoBay/dist/node/src/Rectangle/Rectangle.test.node.mjs:4472:14\n    at async Object.receiveTestResourceConfig (file:///Users/adam/Code/kokomoBay/dist/node/src/Rectangle/Rectangle.test.node.mjs:4514:29)\n    at async NodeTesteranto.receiveTestResourceConfig (file:///Users/adam/Code/kokomoBay/dist/node/src/Rectangle/Rectangle.test.node.mjs:4829:9)"
        },
        "AssertionError: expected 275 to equal 25\n    at file:///Users/adam/Code/kokomoBay/dist/node/src/Rectangle/Rectangle.test.node.mjs:4915:43\n    at Object.butThen (file:///Users/adam/Code/kokomoBay/dist/node/src/Rectangle/Rectangle.test.node.mjs:4179:37)\n    at Then.butThen (file:///Users/adam/Code/kokomoBay/dist/node/src/Rectangle/Rectangle.test.node.mjs:4706:42)\n    at Then.test (file:///Users/adam/Code/kokomoBay/dist/node/src/Rectangle/Rectangle.test.node.mjs:4384:28)\n    at Given.give (file:///Users/adam/Code/kokomoBay/dist/node/src/Rectangle/Rectangle.test.node.mjs:4318:34)\n    at async Testeranto.givenThat.run (file:///Users/adam/Code/kokomoBay/dist/node/src/Rectangle/Rectangle.test.node.mjs:4236:22)\n    at async file:///Users/adam/Code/kokomoBay/dist/node/src/Rectangle/Rectangle.test.node.mjs:4472:14\n    at async Object.receiveTestResourceConfig (file:///Users/adam/Code/kokomoBay/dist/node/src/Rectangle/Rectangle.test.node.mjs:4514:29)\n    at async NodeTesteranto.receiveTestResourceConfig (file:///Users/adam/Code/kokomoBay/dist/node/src/Rectangle/Rectangle.test.node.mjs:4829:9)"
      ],
      "features": [
        "hello"
      ]
    }
  ],
  "fails": []
}