src/LoginPage/react-test-renderer/node.test.tsx(26,13): error TS2345: Argument of type '{}' is not assignable to parameter of type '((testRenderer: ReactTestRenderer, pm: PM) => any) | PromiseLike<(testRenderer: ReactTestRenderer, pm: PM) => any>'.
  Type 'ITestImplementation<ILoginPageSpecsReactTestRenderer, object>' is not assignable to type 'Omit<{ suites: { Default: string; }; givens: { Default: () => (x: any) => unknown; }; whens: { TheLoginIsSubmitted: () => (zel: any, utils: PM) => Promise<ReactTestRenderer>; TheEmailIsSetTo: (Iw_0: string) => (zel: any, utils: PM) => Promise<...>; ThePasswordIsSetTo: (Iw_0: string) => (zel: any, utils: PM) => Promi...'.
    Types of property 'givens' are incompatible.
      Property 'Default' is missing in type '{ default: () => (x: any) => any; }' but required in type '{ Default: () => (x: any) => unknown; }'.

src/LoginPage/react-test-renderer/node.test.tsx(44,28): error TS2322: Type '(component: any, utils: PM) => void' is not assignable to type '(ssel: any, utils: PM) => (testRenderer: ReactTestRenderer, pm: PM) => any'.
  Type 'ITestImplementation<ILoginPageSpecsReactTestRenderer, object>' is not assignable to type 'Omit<{ suites: { Default: string; }; givens: { Default: () => (x: any) => unknown; }; whens: { TheLoginIsSubmitted: () => (zel: any, utils: PM) => Promise<ReactTestRenderer>; TheEmailIsSetTo: (Iw_0: string) => (zel: any, utils: PM) => Promise<...>; ThePasswordIsSetTo: (Iw_0: string) => (zel: any, utils: PM) => Promi...'.
    Types of property 'givens' are incompatible.
      Property 'Default' is missing in type '{ default: () => (x: any) => any; }' but required in type '{ Default: () => (x: any) => unknown; }'.

src/LoginPage/react-test-renderer/node.test.tsx(50,46): error TS2322: Type 'void' is not assignable to type '(testRenderer: ReactTestRenderer, pm: PM) => any'.
  Type 'ITestImplementation<ILoginPageSpecsReactTestRenderer, object>' is not assignable to type 'Omit<{ suites: { Default: string; }; givens: { Default: () => (x: any) => unknown; }; whens: { TheLoginIsSubmitted: () => (zel: any, utils: PM) => Promise<ReactTestRenderer>; TheEmailIsSetTo: (Iw_0: string) => (zel: any, utils: PM) => Promise<...>; ThePasswordIsSetTo: (Iw_0: string) => (zel: any, utils: PM) => Promi...'.
    Types of property 'givens' are incompatible.
      Property 'Default' is missing in type '{ default: () => (x: any) => any; }' but required in type '{ Default: () => (x: any) => unknown; }'.

src/LoginPage/react-test-renderer/node.test.tsx(54,49): error TS2322: Type 'void' is not assignable to type '(testRenderer: ReactTestRenderer, pm: PM) => any'.
  Type 'ITestImplementation<ILoginPageSpecsReactTestRenderer, object>' is not assignable to type 'Omit<{ suites: { Default: string; }; givens: { Default: () => (x: any) => unknown; }; whens: { TheLoginIsSubmitted: () => (zel: any, utils: PM) => Promise<ReactTestRenderer>; TheEmailIsSetTo: (Iw_0: string) => (zel: any, utils: PM) => Promise<...>; ThePasswordIsSetTo: (Iw_0: string) => (zel: any, utils: PM) => Promi...'.
    Types of property 'givens' are incompatible.
      Property 'Default' is missing in type '{ default: () => (x: any) => any; }' but required in type '{ Default: () => (x: any) => unknown; }'.

src/LoginPage/react-test-renderer/node.test.tsx(58,52): error TS2322: Type 'void' is not assignable to type '(testRenderer: ReactTestRenderer, pm: PM) => any'.
  Type 'ITestImplementation<ILoginPageSpecsReactTestRenderer, object>' is not assignable to type 'Omit<{ suites: { Default: string; }; givens: { Default: () => (x: any) => unknown; }; whens: { TheLoginIsSubmitted: () => (zel: any, utils: PM) => Promise<ReactTestRenderer>; TheEmailIsSetTo: (Iw_0: string) => (zel: any, utils: PM) => Promise<...>; ThePasswordIsSetTo: (Iw_0: string) => (zel: any, utils: PM) => Promi...'.
    Types of property 'givens' are incompatible.
      Property 'Default' is missing in type '{ default: () => (x: any) => any; }' but required in type '{ Default: () => (x: any) => unknown; }'.

src/LoginPage/react-test-renderer/node.test.tsx(62,32): error TS2322: Type '(component: any) => void' is not assignable to type '(ssel: any, utils: PM) => (testRenderer: ReactTestRenderer, pm: PM) => any'.
  Type 'ITestImplementation<ILoginPageSpecsReactTestRenderer, object>' is not assignable to type 'Omit<{ suites: { Default: string; }; givens: { Default: () => (x: any) => unknown; }; whens: { TheLoginIsSubmitted: () => (zel: any, utils: PM) => Promise<ReactTestRenderer>; TheEmailIsSetTo: (Iw_0: string) => (zel: any, utils: PM) => Promise<...>; ThePasswordIsSetTo: (Iw_0: string) => (zel: any, utils: PM) => Promi...'.
    Types of property 'givens' are incompatible.
      Property 'Default' is missing in type '{ default: () => (x: any) => any; }' but required in type '{ Default: () => (x: any) => unknown; }'.

src/LoginPage/react-test-renderer/node.test.tsx(68,35): error TS2322: Type '(component: renderer.ReactTestRenderer) => void' is not assignable to type '(ssel: any, utils: PM) => (testRenderer: ReactTestRenderer, pm: PM) => any'.
  Type 'ITestImplementation<ILoginPageSpecsReactTestRenderer, object>' is not assignable to type 'Omit<{ suites: { Default: string; }; givens: { Default: () => (x: any) => unknown; }; whens: { TheLoginIsSubmitted: () => (zel: any, utils: PM) => Promise<ReactTestRenderer>; TheEmailIsSetTo: (Iw_0: string) => (zel: any, utils: PM) => Promise<...>; ThePasswordIsSetTo: (Iw_0: string) => (zel: any, utils: PM) => Promi...'.
    Types of property 'givens' are incompatible.
      Property 'Default' is missing in type '{ default: () => (x: any) => any; }' but required in type '{ Default: () => (x: any) => unknown; }'.

src/LoginPage/react-test-renderer/node.test.tsx(72,36): error TS2322: Type '(component: ReactTestRenderer, utils: PM) => Promise<void>' is not assignable to type '(ssel: any, utils: PM) => (testRenderer: ReactTestRenderer, pm: PM) => any'.
  Type 'ITestImplementation<ILoginPageSpecsReactTestRenderer, object>' is not assignable to type 'Omit<{ suites: { Default: string; }; givens: { Default: () => (x: any) => unknown; }; whens: { TheLoginIsSubmitted: () => (zel: any, utils: PM) => Promise<ReactTestRenderer>; TheEmailIsSetTo: (Iw_0: string) => (zel: any, utils: PM) => Promise<...>; ThePasswordIsSetTo: (Iw_0: string) => (zel: any, utils: PM) => Promi...'.
    Types of property 'givens' are incompatible.
      Property 'Default' is missing in type '{ default: () => (x: any) => any; }' but required in type '{ Default: () => (x: any) => unknown; }'.

src/LoginPage/react-test-renderer/node.test.tsx(75,36): error TS2322: Type '(component: ReactTestRenderer) => void' is not assignable to type '(ssel: any, utils: PM) => (testRenderer: ReactTestRenderer, pm: PM) => any'.
  Type 'ITestImplementation<ILoginPageSpecsReactTestRenderer, object>' is not assignable to type 'Omit<{ suites: { Default: string; }; givens: { Default: () => (x: any) => unknown; }; whens: { TheLoginIsSubmitted: () => (zel: any, utils: PM) => Promise<ReactTestRenderer>; TheEmailIsSetTo: (Iw_0: string) => (zel: any, utils: PM) => Promise<...>; ThePasswordIsSetTo: (Iw_0: string) => (zel: any, utils: PM) => Promi...'.
    Types of property 'givens' are incompatible.
      Property 'Default' is missing in type '{ default: () => (x: any) => any; }' but required in type '{ Default: () => (x: any) => unknown; }'.

src/LoginPage/react-test-renderer/node.test.tsx(78,39): error TS2322: Type '(component: ReactTestRenderer) => void' is not assignable to type '(ssel: any, utils: PM) => (testRenderer: ReactTestRenderer, pm: PM) => any'.
  Type 'ITestImplementation<ILoginPageSpecsReactTestRenderer, object>' is not assignable to type 'Omit<{ suites: { Default: string; }; givens: { Default: () => (x: any) => unknown; }; whens: { TheLoginIsSubmitted: () => (zel: any, utils: PM) => Promise<ReactTestRenderer>; TheEmailIsSetTo: (Iw_0: string) => (zel: any, utils: PM) => Promise<...>; ThePasswordIsSetTo: (Iw_0: string) => (zel: any, utils: PM) => Promi...'.
    Types of property 'givens' are incompatible.
      Property 'Default' is missing in type '{ default: () => (x: any) => any; }' but required in type '{ Default: () => (x: any) => unknown; }'.

src/LoginPage/react-test-renderer/node.test.tsx(81,39): error TS2322: Type '(component: ReactTestRenderer, utils: PM) => void' is not assignable to type '(ssel: any, utils: PM) => (testRenderer: ReactTestRenderer, pm: PM) => any'.
  Type 'ITestImplementation<ILoginPageSpecsReactTestRenderer, object>' is not assignable to type 'Omit<{ suites: { Default: string; }; givens: { Default: () => (x: any) => unknown; }; whens: { TheLoginIsSubmitted: () => (zel: any, utils: PM) => Promise<ReactTestRenderer>; TheEmailIsSetTo: (Iw_0: string) => (zel: any, utils: PM) => Promise<...>; ThePasswordIsSetTo: (Iw_0: string) => (zel: any, utils: PM) => Promi...'.
    Types of property 'givens' are incompatible.
      Property 'Default' is missing in type '{ default: () => (x: any) => any; }' but required in type '{ Default: () => (x: any) => unknown; }'.

src/LoginPage/react-test-renderer/node.test.tsx(95,3): error TS2345: Argument of type 'ITestImplementation<ILoginPageSpecsReactTestRenderer, object>' is not assignable to parameter of type 'ITestImpl<ILoginPageSpecs>'.
  Type 'ITestImplementation<ILoginPageSpecsReactTestRenderer, object>' is not assignable to type 'Omit<{ suites: { Default: string; }; givens: { Default: () => (x: any) => unknown; }; whens: { TheLoginIsSubmitted: () => (zel: any, utils: PM) => Promise<ReactTestRenderer>; TheEmailIsSetTo: (Iw_0: string) => (zel: any, utils: PM) => Promise<...>; ThePasswordIsSetTo: (Iw_0: string) => (zel: any, utils: PM) => Promi...'.
    Types of property 'givens' are incompatible.
      Property 'Default' is missing in type '{ default: () => (x: any) => any; }' but required in type '{ Default: () => (x: any) => unknown; }'.
