$ /Users/adam/Code/kokomoBay/node_modules/.bin/tsc -noEmit
node_modules/testeranto/src/lib/abstractBase.ts(42,3): error TS2564: Property 'store' has no initializer and is not definitely assigned in the constructor.
node_modules/testeranto/src/lib/abstractBase.ts(44,3): error TS2564: Property 'testResourceConfiguration' has no initializer and is not definitely assigned in the constructor.
node_modules/testeranto/src/lib/abstractBase.ts(191,30): error TS2556: A spread argument must either have a tuple type or be passed to a rest parameter.
node_modules/testeranto/src/lib/abstractBase.ts(208,11): error TS2345: Argument of type '(t: ITestShape["then"]) => unknown' is not assignable to parameter of type '(t: Awaited<ITestShape["then"]> | undefined) => boolean'.
  Type 'unknown' is not assignable to type 'boolean'.
node_modules/testeranto/src/lib/abstractBase.ts(346,3): error TS2564: Property 'error' has no initializer and is not definitely assigned in the constructor.
node_modules/testeranto/src/lib/abstractBase.ts(348,3): error TS2564: Property 'store' has no initializer and is not definitely assigned in the constructor.
node_modules/testeranto/src/lib/abstractBase.ts(349,3): error TS2564: Property 'recommendedFsPath' has no initializer and is not definitely assigned in the constructor.
node_modules/testeranto/src/lib/abstractBase.ts(437,30): error TS2556: A spread argument must either have a tuple type or be passed to a rest parameter.
node_modules/testeranto/src/lib/abstractBase.ts(472,7): error TS2322: Type 'unknown' is not assignable to type 'Error'.
node_modules/testeranto/src/lib/abstractBase.ts(473,12): error TS18046: 'e' is of type 'unknown'.
node_modules/testeranto/src/lib/abstractBase.ts(564,32): error TS2556: A spread argument must either have a tuple type or be passed to a rest parameter.
node_modules/testeranto/src/lib/abstractBase.ts(583,51): error TS2314: Generic type 'IBaseTest' requires 12 type argument(s).
node_modules/testeranto/src/lib/abstractBase.ts(586,3): error TS2564: Property 'error' has no initializer and is not definitely assigned in the constructor.
node_modules/testeranto/src/lib/abstractBase.ts(718,28): error TS2556: A spread argument must either have a tuple type or be passed to a rest parameter.
node_modules/testeranto/src/lib/abstractBase.ts(869,30): error TS2556: A spread argument must either have a tuple type or be passed to a rest parameter.
node_modules/testeranto/src/lib/abstractBase.ts(884,20): error TS18046: 'e' is of type 'unknown'.
node_modules/testeranto/src/lib/abstractBase.ts(975,68): error TS2554: Expected 5 arguments, but got 4.
node_modules/testeranto/src/lib/basebuilder.ts(45,3): error TS2564: Property 'assertThis' has no initializer and is not definitely assigned in the constructor.
node_modules/testeranto/src/lib/basebuilder.ts(56,3): error TS2564: Property 'puppetMaster' has no initializer and is not definitely assigned in the constructor.
node_modules/testeranto/src/lib/basebuilder.ts(104,13): error TS2345: Argument of type '(fPath: string, value: string | Buffer | PassThrough) => any' is not assignable to parameter of type '(fPath: string, value: unknown) => void'.
  Types of parameters 'value' and 'value' are incompatible.
    Type 'unknown' is not assignable to type 'string | Buffer | PassThrough'.
node_modules/testeranto/src/lib/basebuilder.ts(170,29): error TS2339: Property 'artifacts' does not exist on type '{ test: BaseSuite<ITestShape>; toObj: () => { name: string; givens: { name: string; whens: { name: string; error: boolean; }[]; thens: { name: string; error: boolean; }[]; error: (string | Error | undefined)[] | null; features: string[]; }[]; fails: BaseGiven<...>[]; features: string[]; }; runner: (puppetMaster: PM,...'.
node_modules/testeranto/src/lib/classBuilder.ts(78,7): error TS2769: No overload matches this call.
  Overload 1 of 3, '(callbackfn: (previousValue: [string, unknown], currentValue: [string, unknown], currentIndex: number, array: [string, unknown][]) => [string, unknown], initialValue: [string, unknown]): [string, unknown]', gave the following error.
    Argument of type '(a: {}, [key, whEn]: [string, (x: any) => any]) => {}' is not assignable to parameter of type '(previousValue: [string, unknown], currentValue: [string, unknown], currentIndex: number, array: [string, unknown][]) => [string, unknown]'.
      Types of parameters '__1' and 'currentValue' are incompatible.
        Type '[string, unknown]' is not assignable to type '[string, (x: any) => any]'.
          Type at position 1 in source is not compatible with type at position 1 in target.
            Type 'unknown' is not assignable to type '(x: any) => any'.
  Overload 2 of 3, '(callbackfn: (previousValue: {}, currentValue: [string, unknown], currentIndex: number, array: [string, unknown][]) => {}, initialValue: {}): {}', gave the following error.
    Argument of type '(a: {}, [key, whEn]: [string, (x: any) => any]) => {}' is not assignable to parameter of type '(previousValue: {}, currentValue: [string, unknown], currentIndex: number, array: [string, unknown][]) => {}'.
      Types of parameters '__1' and 'currentValue' are incompatible.
        Type '[string, unknown]' is not assignable to type '[string, (x: any) => any]'.
node_modules/testeranto/src/lib/classBuilder.ts(91,7): error TS2769: No overload matches this call.
  Overload 1 of 3, '(callbackfn: (previousValue: [string, unknown], currentValue: [string, unknown], currentIndex: number, array: [string, unknown][]) => [string, unknown], initialValue: [string, unknown]): [string, unknown]', gave the following error.
    Argument of type '(a: {}, [key, thEn]: [string, (x: any) => any]) => {}' is not assignable to parameter of type '(previousValue: [string, unknown], currentValue: [string, unknown], currentIndex: number, array: [string, unknown][]) => [string, unknown]'.
      Types of parameters '__1' and 'currentValue' are incompatible.
        Type '[string, unknown]' is not assignable to type '[string, (x: any) => any]'.
          Type at position 1 in source is not compatible with type at position 1 in target.
            Type 'unknown' is not assignable to type '(x: any) => any'.
  Overload 2 of 3, '(callbackfn: (previousValue: {}, currentValue: [string, unknown], currentIndex: number, array: [string, unknown][]) => {}, initialValue: {}): {}', gave the following error.
    Argument of type '(a: {}, [key, thEn]: [string, (x: any) => any]) => {}' is not assignable to parameter of type '(previousValue: {}, currentValue: [string, unknown], currentIndex: number, array: [string, unknown][]) => {}'.
      Types of parameters '__1' and 'currentValue' are incompatible.
        Type '[string, unknown]' is not assignable to type '[string, (x: any) => any]'.
node_modules/testeranto/src/lib/classBuilder.ts(123,7): error TS2345: Argument of type '[string, unknown]' is not assignable to parameter of type 'Record<string | number | symbol, IWhenKlasser<ITestShape>>'.
  Index signature for type 'string' is missing in type '[string, unknown]'.
node_modules/testeranto/src/lib/core.ts(119,13): error TS2554: Expected 5 arguments, but got 6.
node_modules/testeranto/src/lib/core.ts(227,15): error TS2416: Property 'checkThat' in type 'Check' is not assignable to the same property in base type 'BaseCheck<ITestShape>'.
  Type '(subject: any, testResourceConfiguration: any, artifactory: any, pm: any) => Promise<any>' is not assignable to type '(subject: ITestShape["isubject"], testResourceConfiguration: any, artifactory: ITestArtifactory) => Promise<ITestShape["istore"]>'.
node_modules/testeranto/src/lib/core.ts(235,13): error TS2554: Expected 5 arguments, but got 6.
node_modules/testeranto/src/lib/index.ts(75,19): error TS2322: Type 'unknown' is not assignable to type 'Promise<unknown>'.
node_modules/testeranto/src/Node.ts(84,5): error TS2345: Argument of type 'Partial<INodeTestInterface<ITestShape>>' is not assignable to parameter of type 'Partial<ITestInterface<ITestShape>>'.
  Types of property 'beforeEach' are incompatible.
    Type '((subject: ITestShape["isubject"], initializer: (c?: any) => ITestShape["given"], artificer: ITestArtificer, testResource: ITTestResourceConfiguration, initialValues: any, pm: PM) => Promise<...>) | undefined' is not assignable to type '((subject: ITestShape["isubject"], initializer: (c?: any) => ITestShape["given"], testResource: ITTestResourceConfiguration, initialValues: any, pm: PM) => Promise<...>) | undefined'.
      Type '(subject: ITestShape["isubject"], initializer: (c?: any) => ITestShape["given"], artificer: ITestArtificer, testResource: ITTestResourceConfiguration, initialValues: any, pm: PM) => Promise<...>' is not assignable to type '(subject: ITestShape["isubject"], initializer: (c?: any) => ITestShape["given"], testResource: ITTestResourceConfiguration, initialValues: any, pm: PM) => Promise<...>'.
node_modules/testeranto/src/PM/index.ts(13,3): error TS2564: Property 'testResourceConfiguration' has no initializer and is not definitely assigned in the constructor.
node_modules/testeranto/src/SubPackages/react-dom/component/web.ts(32,36): error TS2314: Generic type 'IBaseTest' requires 12 type argument(s).
node_modules/testeranto/src/SubPackages/react-test-renderer/component/index.ts(20,38): error TS2314: Generic type 'IBaseTest' requires 12 type argument(s).
node_modules/testeranto/src/SubPackages/react-test-renderer/component/index.ts(22,38): error TS2314: Generic type 'IBaseTest' requires 12 type argument(s).
node_modules/testeranto/src/SubPackages/react-test-renderer/component/node.ts(7,36): error TS2314: Generic type 'IBaseTest' requires 12 type argument(s).
node_modules/testeranto/src/SubPackages/react-test-renderer/component/web.ts(7,36): error TS2314: Generic type 'IBaseTest' requires 12 type argument(s).
node_modules/testeranto/src/SubPackages/react-test-renderer/jsx-promised/index.ts(17,42): error TS2314: Generic type 'IBaseTest' requires 12 type argument(s).
node_modules/testeranto/src/SubPackages/react-test-renderer/jsx-promised/index.ts(20,42): error TS2314: Generic type 'IBaseTest' requires 12 type argument(s).
node_modules/testeranto/src/SubPackages/react-test-renderer/jsx/index.ts(18,42): error TS2314: Generic type 'IBaseTest' requires 12 type argument(s).
node_modules/testeranto/src/SubPackages/react-test-renderer/jsx/index.ts(23,42): error TS2314: Generic type 'IBaseTest' requires 12 type argument(s).
node_modules/testeranto/src/SubPackages/react-test-renderer/jsx/node.ts(8,36): error TS2314: Generic type 'IBaseTest' requires 12 type argument(s).
node_modules/testeranto/src/SubPackages/react-test-renderer/jsx/web.ts(8,36): error TS2314: Generic type 'IBaseTest' requires 12 type argument(s).
node_modules/testeranto/src/SubPackages/react/jsx/index.ts(19,42): error TS2314: Generic type 'IBaseTest' requires 12 type argument(s).
node_modules/testeranto/src/SubPackages/react/jsx/index.ts(22,42): error TS2314: Generic type 'IBaseTest' requires 12 type argument(s).
node_modules/testeranto/src/SubPackages/react/jsx/node.ts(11,36): error TS2314: Generic type 'IBaseTest' requires 12 type argument(s).
node_modules/testeranto/src/SubPackages/react/jsx/node.ts(21,5): error TS2345: Argument of type '{ assertThis?: ((x: ITestShape["then"]) => void) | undefined; andWhen?: ((store: any, whenCB: any, testResource: ITTestResourceConfiguration, pm: PM) => Promise<...>) | ((store: ITestShape["istore"], whenCB: ITestShape["when"], testResource: ITTestResourceConfiguration, pm: PM) => Promise<...>) | undefined; ... 4 mo...' is not assignable to parameter of type 'Partial<INodeTestInterface<ITestShape>>'.
  Types of property 'beforeEach' are incompatible.
    Type '((subject: any, initializer: (c?: any) => any, testResource: ITTestResourceConfiguration, initialValues: any, pm: PM) => Promise<any>) | ((subject: ITestShape["isubject"], initializer: (c?: any) => ITestShape["given"], testResource: ITTestResourceConfiguration, initialValues: any, pm: PM) => Promise<...>) | undefined' is not assignable to type '((subject: ITestShape["isubject"], initializer: (c?: any) => ITestShape["given"], artificer: ITestArtificer, testResource: ITTestResourceConfiguration, initialValues: any, pm: PM) => Promise<...>) | undefined'.
      Type '(subject: any, initializer: (c?: any) => any, testResource: ITTestResourceConfiguration, initialValues: any, pm: PM) => Promise<any>' is not assignable to type '(subject: ITestShape["isubject"], initializer: (c?: any) => ITestShape["given"], artificer: ITestArtificer, testResource: ITTestResourceConfiguration, initialValues: any, pm: PM) => Promise<...>'.
        Types of parameters 'testResource' and 'artificer' are incompatible.
          Type 'ITestArtificer' is not assignable to type 'ITTestResourceConfiguration'.
node_modules/testeranto/src/SubPackages/react/jsx/web.ts(15,36): error TS2314: Generic type 'IBaseTest' requires 12 type argument(s).
node_modules/testeranto/src/SubPackages/react/jsx/web.ts(25,5): error TS2345: Argument of type '{ assertThis?: ((x: ITestShape["then"]) => void) | undefined; andWhen?: ((store: any, whenCB: any, testResource: ITTestResourceConfiguration, pm: PM) => Promise<...>) | ((store: ITestShape["istore"], whenCB: ITestShape["when"], testResource: ITTestResourceConfiguration, utils: PM) => Promise<...>) | undefined; ... 4...' is not assignable to parameter of type 'Partial<IWebTestInterface<ITestShape>>'.
  Types of property 'beforeEach' are incompatible.
    Type '((subject: any, initializer: (c?: any) => any, testResource: ITTestResourceConfiguration, initialValues: any, pm: PM) => Promise<any>) | ((subject: ITestShape["isubject"], initializer: (c?: any) => ITestShape["given"], artificer: ITestArtificer, testResource: ITTestResourceConfiguration, initialValues: any, utils: P...' is not assignable to type '((subject: ITestShape["isubject"], initializer: (c?: any) => ITestShape["given"], artificer: ITestArtificer, testResource: ITTestResourceConfiguration, initialValues: any, utils: PM) => Promise<...>) | undefined'.
      Type '(subject: any, initializer: (c?: any) => any, testResource: ITTestResourceConfiguration, initialValues: any, pm: PM) => Promise<any>' is not assignable to type '(subject: ITestShape["isubject"], initializer: (c?: any) => ITestShape["given"], artificer: ITestArtificer, testResource: ITTestResourceConfiguration, initialValues: any, utils: PM) => Promise<...>'.
        Types of parameters 'testResource' and 'artificer' are incompatible.
          Type 'ITestArtificer' is not assignable to type 'ITTestResourceConfiguration'.
node_modules/testeranto/src/Web.ts(104,5): error TS2345: Argument of type 'Partial<IWebTestInterface<ITestShape>>' is not assignable to parameter of type 'Partial<ITestInterface<ITestShape>>'.
  Types of property 'beforeEach' are incompatible.
    Type '((subject: ITestShape["isubject"], initializer: (c?: any) => ITestShape["given"], artificer: ITestArtificer, testResource: ITTestResourceConfiguration, initialValues: any, utils: PM) => Promise<...>) | undefined' is not assignable to type '((subject: ITestShape["isubject"], initializer: (c?: any) => ITestShape["given"], testResource: ITTestResourceConfiguration, initialValues: any, pm: PM) => Promise<...>) | undefined'.
      Type '(subject: ITestShape["isubject"], initializer: (c?: any) => ITestShape["given"], artificer: ITestArtificer, testResource: ITTestResourceConfiguration, initialValues: any, utils: PM) => Promise<...>' is not assignable to type '(subject: ITestShape["isubject"], initializer: (c?: any) => ITestShape["given"], testResource: ITTestResourceConfiguration, initialValues: any, pm: PM) => Promise<...>'.
src/app.reduxToolkit.test.ts(83,3): error TS2345: Argument of type 'ITestImplementation<IAppSpecification, { givens: { AnEmptyState: () => () => IStoreState; AStateWithEmail: () => (Iw_0: string) => IStoreState; }; whens: { TheLoginIsSubmitted: () => [...]; TheEmailIsSetTo: (Iw_0: string) => [...]; ThePasswordIsSetTo: (Iw_0: string) => [...]; }; checks: { ...; }; }>' is not assignable to parameter of type 'ITestImplementation<IAppSpecification, { givens: { AnEmptyState: () => () => IStoreState; AStateWithEmail: () => (Iw_0: string) => IStoreState; }; whens: { TheLoginIsSubmitted: () => WhenShape; TheEmailIsSetTo: (Iw_0: string) => WhenShape; ThePasswordIsSetTo: (Iw_0: string) => WhenShape; }; }>'.
  Type 'ITestImplementation<IAppSpecification, { givens: { AnEmptyState: () => () => IStoreState; AStateWithEmail: () => (Iw_0: string) => IStoreState; }; whens: { TheLoginIsSubmitted: () => [...]; TheEmailIsSetTo: (Iw_0: string) => [...]; ThePasswordIsSetTo: (Iw_0: string) => [...]; }; checks: { ...; }; }>' is not assignable to type 'Omit<{ suites: { Default: string; }; givens: { AnEmptyState: () => IStoreState; AStateWithEmail: (Ig_0: string) => IStoreState; }; whens: { TheLoginIsSubmitted: () => (zel: IStoreState, utils: PM) => Promise<...>; TheEmailIsSetTo: (Iw_0: string) => (zel: IStoreState, utils: PM) => Promise<...>; ThePasswordIsSetTo: (...'.
    The types returned by 'checks.AnEmptyState(...)' are incompatible between these types.
      Type '() => IStoreState' is not assignable to type 'IStoreState'.
src/ClassicalComponent/react-dom/server.node.test.tsx(80,31): error TS2314: Generic type 'ITestSpecification' requires 1 type argument(s).
src/ClassicalComponent/react-dom/server.node.test.tsx(107,3): error TS2345: Argument of type '{ suites: { Default: string; }; givens: { AnEmptyState: () => () => { props: { foo: string; }; }; }; whens: {}; thens: { renderToStaticMarkup: (expectation: any) => (reactNodes: any) => Promise<void>; renderToStaticNodeStream: (expectation: any) => (reactNodes: any) => Promise<...>; }; checks: { ...; }; }' is not assignable to parameter of type 'string'.
src/ClassicalComponent/react-test-renderer/test.implementation.ts(7,34): error TS2314: Generic type 'IImpl' requires 1 type argument(s).
src/google.puppeteer.testeranto.test.ts(3,37): error TS2307: Cannot find module '../myTests/puppeteer.testeranto.test' or its corresponding type declarations.
src/LoginPage/index.tsx(48,43): error TS2345: Argument of type 'string' is not assignable to parameter of type 'never'.
src/LoginPage/index.tsx(50,34): error TS2339: Property 'setError' does not exist on type 'CaseReducerActions<{ reset: (s: IStoreState) => void | IStoreState; setPassword: (s: IStoreState, b: any) => void; setEmail: (s: IStoreState, b: any) => void; signIn: (s: IStoreState) => void; }, string>'.
src/LoginPage/index.tsx(74,32): error TS2339: Property 'setError' does not exist on type 'CaseReducerActions<{ reset: (s: IStoreState) => void | IStoreState; setPassword: (s: IStoreState, b: any) => void; setEmail: (s: IStoreState, b: any) => void; signIn: (s: IStoreState) => void; }, string>'.
src/LoginPage/index.tsx(78,34): error TS2339: Property 'setError' does not exist on type 'CaseReducerActions<{ reset: (s: IStoreState) => void | IStoreState; setPassword: (s: IStoreState, b: any) => void; setEmail: (s: IStoreState, b: any) => void; signIn: (s: IStoreState) => void; }, string>'.
src/LoginPage/index.tsx(79,34): error TS2339: Property 'setDisableSubmit' does not exist on type 'CaseReducerActions<{ reset: (s: IStoreState) => void | IStoreState; setPassword: (s: IStoreState, b: any) => void; setEmail: (s: IStoreState, b: any) => void; signIn: (s: IStoreState) => void; }, string>'.
src/LoginPage/react-dom/web.test.tsx(50,36): error TS2339: Property 'createRoot' does not exist on type 'typeof import("/Users/adam/Code/kokomoBay/node_modules/@types/react-dom/index")'.
src/LoginPage/react-test-renderer/test.tsx(45,32): error TS2322: Type '(component: any) => void' is not assignable to type '(zel: any, utils: PM) => Promise<void>'.
  Type 'void' is not assignable to type 'Promise<void>'.
src/LoginPage/react/test.tsx(28,55): error TS2345: Argument of type 'string' is not assignable to parameter of type 'never'.
src/LoginPage/react/test.tsx(32,58): error TS2345: Argument of type 'string' is not assignable to parameter of type 'never'.
src/MyFirstContract.basic.test.ts(8,29): error TS2307: Cannot find module './contracts/MyFirstContract.sol' or its corresponding type declarations.
src/MyFirstContract.solidity-react.interface.test.ts(42,31): error TS2339: Property 'browser' does not exist on type 'PM'.
src/MyFirstContract.solidity-react.interface.test.ts(134,28): error TS2339: Property 'browser' does not exist on type 'PM'.
src/MyFirstContract.solidity-react.interface.test.ts(186,28): error TS2339: Property 'browser' does not exist on type 'PM'.
src/MyFirstContract.solidity-react.interface.test.ts(231,28): error TS2339: Property 'browser' does not exist on type 'PM'.
src/MyFirstContract.solidity-react.shape.test.ts(27,5): error TS2314: Generic type 'IBaseTest' requires 12 type argument(s).
src/MyFirstContract.specification.test.ts(3,29): error TS2307: Cannot find module './contracts/MyFirstContract.sol' or its corresponding type declarations.
src/MyFirstContractServer.ts(5,29): error TS2307: Cannot find module './contracts/MyFirstContract.sol' or its corresponding type declarations.
src/MyFirstContractUI.tsx(7,29): error TS2307: Cannot find module './contracts/MyFirstContract.sol' or its corresponding type declarations.
src/ReactStateAndHook.test.tsx(112,3): error TS2345: Argument of type 'ITestImplementation<ISpec, { givens: { Default: (...Iw: any) => void; }; }>' is not assignable to parameter of type 'ITestImpl<ISpec>'.
  Type 'ITestImplementation<ISpec, { givens: { Default: (...Iw: any) => void; }; }>' is not assignable to type 'Omit<{ suites: { Default: string; }; givens: { Default: (...Ig: any) => (x: any) => unknown; }; whens: { IClick: () => (zel: any, utils: PM) => Promise<(rectangle: any) => unknown>; }; thens: { TheCounterIs: (It_0: number) => (ssel: any, utils: PM) => unknown; }; checks: { ...; }; }, never>'.
    The types returned by 'givens.Default(...)' are incompatible between these types.
      Type 'void' is not assignable to type '(x: any) => unknown'.
src/Rectangle.test.specification.ts(5,15): error TS2307: Cannot find module './Rectangle/rectangle.md' or its corresponding type declarations.
src/Rectangle/Rectangle.test.electron.ts(13,3): error TS2345: Argument of type 'ITestImplementation<IRectangleTestShape, { givens: { Default: (...Iw: any) => Rectangle; WidthOfOneAndHeightOfOne: (...Iw: any) => Rectangle; WidthAndHeightOf: (Iw_0: number, Iw_1: number) => Rectangle; }; whens: { ...; }; }>' is not assignable to parameter of type 'ITestImplementation<IRectangleTestShape, object>'.
  Type 'ITestImplementation<IRectangleTestShape, { givens: { Default: (...Iw: any) => Rectangle; WidthOfOneAndHeightOfOne: (...Iw: any) => Rectangle; WidthAndHeightOf: (Iw_0: number, Iw_1: number) => Rectangle; }; whens: { ...; }; }>' is not assignable to type 'Omit<{ suites: { Default: string; }; givens: { Default: (...Ig: any) => (x: any) => (y: any) => unknown; WidthOfOneAndHeightOfOne: (...Ig: any) => (x: any) => (y: any) => unknown; WidthAndHeightOf: (Ig_0: number, Ig_1: number) => (x: any) => (y: any) => unknown; }; whens: { ...; }; thens: { ...; }; checks: { ...; };...'.
    The types returned by 'givens.Default(...)' are incompatible between these types.
      Type 'Rectangle' is not assignable to type '(x: any) => (y: any) => unknown'.
        Type 'Rectangle' provides no match for the signature '(x: any): (y: any) => unknown'.
src/Rectangle/Rectangle.test.node.ts(44,3): error TS2345: Argument of type 'ITestImplementation<IRectangleTestShape, { givens: { Default: (...Iw: any) => Rectangle; WidthOfOneAndHeightOfOne: (...Iw: any) => Rectangle; WidthAndHeightOf: (Iw_0: number, Iw_1: number) => Rectangle; }; whens: { ...; }; }>' is not assignable to parameter of type 'ITestImplementation<IRectangleTestShape, object>'.
src/Rectangle/Rectangle.test.puppeteer.ts(1,24): error TS2307: Cannot find module 'testeranto/src/core-puppeteer' or its corresponding type declarations.
src/Rectangle/Rectangle.test.puppeteer.ts(5,3): error TS2305: Module '"../Rectangle.test"' has no exported member 'Input'.
src/Rectangle/Rectangle.test.puppeteer.ts(6,3): error TS2459: Module '"../Rectangle.test"' declares 'IRectangleTestShape' locally, but it is not exported.
src/Rectangle/Rectangle.test.puppeteer.ts(9,3): error TS2305: Module '"../Rectangle.test"' has no exported member 'RectangleTesterantoBaseTestImplementation'.
src/Rectangle/Rectangle.test.puppeteer.ts(10,3): error TS2305: Module '"../Rectangle.test"' has no exported member 'RectangleTesterantoBaseTestSpecification'.
src/Rectangle/Rectangle.test.puppeteer.ts(11,3): error TS2305: Module '"../Rectangle.test"' has no exported member 'ThenShape'.
src/Rectangle/Rectangle.test.puppeteer.ts(12,3): error TS2305: Module '"../Rectangle.test"' has no exported member 'WhenShape'.
src/server.http.test.ts(6,32): error TS2307: Cannot find module '../myTests/http.testeranto.test' or its corresponding type declarations.
src/server.test.ts(1,36): error TS2307: Cannot find module 'testeranto/src/core' or its corresponding type declarations.
src/server.test.ts(2,51): error TS2307: Cannot find module '../myTests/http.testeranto.test' or its corresponding type declarations.
src/subPackages/redux.testeranto.test.ts(30,65): error TS2314: Generic type 'IBaseTest' requires 12 type argument(s).
src/subPackages/redux.testeranto.test.ts(51,5): error TS2322: Type '(subject: any, initializer: any, art: any, tr: any, initialValues: any, pm: any) => any' is not assignable to type '(subject: ITestShape["isubject"], initializer: (c?: any) => ITestShape["given"], testResource: ITTestResourceConfiguration, initialValues: any, pm: PM) => Promise<...>'.
src/subPackages/redux.testeranto.test.ts(70,5): error TS2345: Argument of type 'ITestImplementation<ITestShape, { givens: { [K in keyof ITestShape["givens"]]: () => (...Iw: ITestShape["givens"][K]) => ITestShape; }; whens: { [K in keyof ITestShape["whens"]]: (...Iw: ITestShape["whens"][K]) => WhenShape; }; }>' is not assignable to parameter of type 'ITestImplementation<ITestShape, object>'.
  Type 'ITestImplementation<ITestShape, { givens: { [K in keyof ITestShape["givens"]]: () => (...Iw: ITestShape["givens"][K]) => ITestShape; }; whens: { [K in keyof ITestShape["whens"]]: (...Iw: ITestShape["whens"][K]) => WhenShape; }; }>' is not assignable to type 'Omit<{ suites: { [K in keyof ITestShape["suites"]]: string; }; givens: { [K in keyof ITestShape["givens"]]: (...Ig: ITestShape["givens"][K]) => ITestShape["given"]; }; whens: { [K in keyof ITestShape["whens"]]: (...Iw: ITestShape["whens"][K]) => (zel: ITestShape["iselection"], utils: PM) => Promise<...>; }; thens: {...'.
    Types of property 'whens' are incompatible.
      Type '{ [K in keyof ITestShape["whens"]]: (...Iw: ITestShape["whens"][K]) => WhenShape; }' is not assignable to type '{ [K in keyof ITestShape["whens"]]: (...Iw: ITestShape["whens"][K]) => (zel: ITestShape["iselection"], utils: PM) => Promise<ITestShape["when"]>; }'.
        Type '(...Iw: ITestShape["whens"][K]) => WhenShape' is not assignable to type '(...Iw: ITestShape["whens"][K]) => (zel: ITestShape["iselection"], utils: PM) => Promise<ITestShape["when"]>'.
          Type 'WhenShape' is not assignable to type '(zel: ITestShape["iselection"], utils: PM) => Promise<ITestShape["when"]>'.
            Type '[tt, t]' provides no match for the signature '(zel: ITestShape["iselection"], utils: PM): Promise<ITestShape["when"]>'.
src/subPackages/reduxToolkit.testeranto.test.ts(39,22): error TS2314: Generic type 'IBaseTest' requires 12 type argument(s).
src/subPackages/reduxToolkit.testeranto.test.ts(82,5): error TS2345: Argument of type 'ITestImplementation<ITestShape, { givens: { AnEmptyState: () => () => IStoreState; AStateWithEmail: () => (Iw_0: string) => IStoreState; }; whens: { [K in keyof ITestShape["whens"]]: (...Iw: ITestShape["whens"][K]) => WhenShape; }; }>' is not assignable to parameter of type 'ITestImplementation<ITestShape, object>'.
  Type 'ITestImplementation<ITestShape, { givens: { AnEmptyState: () => () => IStoreState; AStateWithEmail: () => (Iw_0: string) => IStoreState; }; whens: { [K in keyof ITestShape["whens"]]: (...Iw: ITestShape["whens"][K]) => WhenShape; }; }>' is not assignable to type 'Omit<{ suites: { [K in keyof ITestShape["suites"]]: string; }; givens: { [K in keyof ITestShape["givens"]]: (...Ig: ITestShape["givens"][K]) => ITestShape["given"]; }; whens: { [K in keyof ITestShape["whens"]]: (...Iw: ITestShape["whens"][K]) => (zel: ITestShape["iselection"], utils: PM) => Promise<...>; }; thens: {...'.
    Types of property 'givens' are incompatible.
      Type '{ AnEmptyState: () => () => IStoreState; AStateWithEmail: () => (Iw_0: string) => IStoreState; }' is not assignable to type '{ [K in keyof ITestShape["givens"]]: (...Ig: ITestShape["givens"][K]) => ITestShape["given"]; }'.
src/subPackages/solidity+react/solidity+react.ts(2,23): error TS2688: Cannot find type definition file for '../index.d.ts'.
src/subPackages/solidity+react/solidity+react.ts(17,32): error TS2307: Cannot find module '../../../testeranto/src/lib/types' or its corresponding type declarations.
src/subPackages/solidity+react/solidity+react.ts(28,28): error TS2314: Generic type 'IBaseTest' requires 12 type argument(s).
src/subPackages/solidity+react/solidity+react.ts(82,13): error TS2345: Argument of type '{ contractNearSide: ContractWeb3; contractFarSide: ethers.Contract; accounts: string[]; server: Server<EthereumFlavor>; }' is not assignable to parameter of type 'IT["istore"] | PromiseLike<IT["istore"]>'.
  Object literal may only specify known properties, and 'contractNearSide' does not exist in type 'PromiseLike<IT["istore"]>'.
src/subPackages/solidity/Contract-rpc.testeranto.test.ts(2,23): error TS2688: Cannot find type definition file for './index.d.ts'.
src/subPackages/solidity/Contract-rpc.testeranto.test.ts(17,32): error TS2307: Cannot find module '../../../testeranto/src/lib/types' or its corresponding type declarations.
src/subPackages/solidity/Contract-rpc.testeranto.test.ts(28,28): error TS2314: Generic type 'IBaseTest' requires 12 type argument(s).
src/subPackages/solidity/Contract-rpc.testeranto.test.ts(88,13): error TS2345: Argument of type '{ contractNearSide: ContractWeb3; contractFarSide: ethers.Contract; accounts: string[]; server: Server<EthereumFlavor>; }' is not assignable to parameter of type 'IT["istore"] | PromiseLike<IT["istore"]>'.
  Object literal may only specify known properties, and 'contractNearSide' does not exist in type 'PromiseLike<IT["istore"]>'.
src/subPackages/solidity/Contract-rpc.testeranto.test.ts(114,5): error TS2345: Argument of type 'Partial<ITestInterface<IT>>' is not assignable to parameter of type 'Partial<INodeTestInterface<IT>>'.
  Types of property 'beforeEach' are incompatible.
    Type '((subject: IT["isubject"], initializer: (c?: any) => IT["given"], testResource: ITTestResourceConfiguration, initialValues: any, pm: PM) => Promise<...>) | undefined' is not assignable to type '((subject: IT["isubject"], initializer: (c?: any) => IT["given"], artificer: ITestArtificer, testResource: ITTestResourceConfiguration, initialValues: any, pm: PM) => Promise<...>) | undefined'.
      Type '(subject: IT["isubject"], initializer: (c?: any) => IT["given"], testResource: ITTestResourceConfiguration, initialValues: any, pm: PM) => Promise<...>' is not assignable to type '(subject: IT["isubject"], initializer: (c?: any) => IT["given"], artificer: ITestArtificer, testResource: ITTestResourceConfiguration, initialValues: any, pm: PM) => Promise<...>'.
src/subPackages/solidity/Contract.testeranto.test.ts(1,23): error TS2688: Cannot find type definition file for './index.d.ts'.
src/subPackages/solidity/Contract.testeranto.test.ts(32,28): error TS2314: Generic type 'IBaseTest' requires 12 type argument(s).
src/subPackages/solidity/react.testeranto.ts(23,36): error TS2314: Generic type 'IBaseTest' requires 12 type argument(s).
../testeranto/src/lib/abstractBase.ts(42,3): error TS2564: Property 'store' has no initializer and is not definitely assigned in the constructor.
../testeranto/src/lib/abstractBase.ts(44,3): error TS2564: Property 'testResourceConfiguration' has no initializer and is not definitely assigned in the constructor.
../testeranto/src/lib/abstractBase.ts(191,30): error TS2556: A spread argument must either have a tuple type or be passed to a rest parameter.
../testeranto/src/lib/abstractBase.ts(208,11): error TS2345: Argument of type '(t: ITestShape["then"]) => unknown' is not assignable to parameter of type '(t: Awaited<ITestShape["then"]> | undefined) => boolean'.
  Type 'unknown' is not assignable to type 'boolean'.
../testeranto/src/lib/abstractBase.ts(346,3): error TS2564: Property 'error' has no initializer and is not definitely assigned in the constructor.
../testeranto/src/lib/abstractBase.ts(348,3): error TS2564: Property 'store' has no initializer and is not definitely assigned in the constructor.
../testeranto/src/lib/abstractBase.ts(349,3): error TS2564: Property 'recommendedFsPath' has no initializer and is not definitely assigned in the constructor.
../testeranto/src/lib/abstractBase.ts(437,30): error TS2556: A spread argument must either have a tuple type or be passed to a rest parameter.
../testeranto/src/lib/abstractBase.ts(472,7): error TS2322: Type 'unknown' is not assignable to type 'Error'.
../testeranto/src/lib/abstractBase.ts(473,12): error TS18046: 'e' is of type 'unknown'.
../testeranto/src/lib/abstractBase.ts(564,32): error TS2556: A spread argument must either have a tuple type or be passed to a rest parameter.
../testeranto/src/lib/abstractBase.ts(583,51): error TS2314: Generic type 'IBaseTest' requires 12 type argument(s).
../testeranto/src/lib/abstractBase.ts(586,3): error TS2564: Property 'error' has no initializer and is not definitely assigned in the constructor.
../testeranto/src/lib/abstractBase.ts(718,28): error TS2556: A spread argument must either have a tuple type or be passed to a rest parameter.
../testeranto/src/lib/abstractBase.ts(869,30): error TS2556: A spread argument must either have a tuple type or be passed to a rest parameter.
../testeranto/src/lib/abstractBase.ts(884,20): error TS18046: 'e' is of type 'unknown'.
../testeranto/src/lib/abstractBase.ts(975,68): error TS2554: Expected 5 arguments, but got 4.
../testeranto/src/lib/basebuilder.ts(45,3): error TS2564: Property 'assertThis' has no initializer and is not definitely assigned in the constructor.
../testeranto/src/lib/basebuilder.ts(56,3): error TS2564: Property 'puppetMaster' has no initializer and is not definitely assigned in the constructor.
../testeranto/src/lib/basebuilder.ts(104,13): error TS2345: Argument of type '(fPath: string, value: string | Buffer | PassThrough) => any' is not assignable to parameter of type '(fPath: string, value: unknown) => void'.
  Types of parameters 'value' and 'value' are incompatible.
    Type 'unknown' is not assignable to type 'string | Buffer | PassThrough'.
../testeranto/src/lib/basebuilder.ts(170,29): error TS2339: Property 'artifacts' does not exist on type '{ test: BaseSuite<ITestShape>; toObj: () => { name: string; givens: { name: string; whens: { name: string; error: boolean; }[]; thens: { name: string; error: boolean; }[]; error: (string | Error | undefined)[] | null; features: string[]; }[]; fails: BaseGiven<...>[]; features: string[]; }; runner: (puppetMaster: PM,...'.
../testeranto/src/lib/classBuilder.ts(78,7): error TS2769: No overload matches this call.
  Overload 1 of 3, '(callbackfn: (previousValue: [string, unknown], currentValue: [string, unknown], currentIndex: number, array: [string, unknown][]) => [string, unknown], initialValue: [string, unknown]): [string, unknown]', gave the following error.
    Argument of type '(a: {}, [key, whEn]: [string, (x: any) => any]) => {}' is not assignable to parameter of type '(previousValue: [string, unknown], currentValue: [string, unknown], currentIndex: number, array: [string, unknown][]) => [string, unknown]'.
      Types of parameters '__1' and 'currentValue' are incompatible.
        Type '[string, unknown]' is not assignable to type '[string, (x: any) => any]'.
          Type at position 1 in source is not compatible with type at position 1 in target.
            Type 'unknown' is not assignable to type '(x: any) => any'.
  Overload 2 of 3, '(callbackfn: (previousValue: {}, currentValue: [string, unknown], currentIndex: number, array: [string, unknown][]) => {}, initialValue: {}): {}', gave the following error.
    Argument of type '(a: {}, [key, whEn]: [string, (x: any) => any]) => {}' is not assignable to parameter of type '(previousValue: {}, currentValue: [string, unknown], currentIndex: number, array: [string, unknown][]) => {}'.
      Types of parameters '__1' and 'currentValue' are incompatible.
        Type '[string, unknown]' is not assignable to type '[string, (x: any) => any]'.
../testeranto/src/lib/classBuilder.ts(91,7): error TS2769: No overload matches this call.
  Overload 1 of 3, '(callbackfn: (previousValue: [string, unknown], currentValue: [string, unknown], currentIndex: number, array: [string, unknown][]) => [string, unknown], initialValue: [string, unknown]): [string, unknown]', gave the following error.
    Argument of type '(a: {}, [key, thEn]: [string, (x: any) => any]) => {}' is not assignable to parameter of type '(previousValue: [string, unknown], currentValue: [string, unknown], currentIndex: number, array: [string, unknown][]) => [string, unknown]'.
      Types of parameters '__1' and 'currentValue' are incompatible.
        Type '[string, unknown]' is not assignable to type '[string, (x: any) => any]'.
          Type at position 1 in source is not compatible with type at position 1 in target.
            Type 'unknown' is not assignable to type '(x: any) => any'.
  Overload 2 of 3, '(callbackfn: (previousValue: {}, currentValue: [string, unknown], currentIndex: number, array: [string, unknown][]) => {}, initialValue: {}): {}', gave the following error.
    Argument of type '(a: {}, [key, thEn]: [string, (x: any) => any]) => {}' is not assignable to parameter of type '(previousValue: {}, currentValue: [string, unknown], currentIndex: number, array: [string, unknown][]) => {}'.
      Types of parameters '__1' and 'currentValue' are incompatible.
        Type '[string, unknown]' is not assignable to type '[string, (x: any) => any]'.
../testeranto/src/lib/classBuilder.ts(123,7): error TS2345: Argument of type '[string, unknown]' is not assignable to parameter of type 'Record<string | number | symbol, IWhenKlasser<ITestShape>>'.
  Index signature for type 'string' is missing in type '[string, unknown]'.
../testeranto/src/lib/core.ts(119,13): error TS2554: Expected 5 arguments, but got 6.
../testeranto/src/lib/core.ts(227,15): error TS2416: Property 'checkThat' in type 'Check' is not assignable to the same property in base type 'BaseCheck<ITestShape>'.
  Type '(subject: any, testResourceConfiguration: any, artifactory: any, pm: any) => Promise<any>' is not assignable to type '(subject: ITestShape["isubject"], testResourceConfiguration: any, artifactory: ITestArtifactory) => Promise<ITestShape["istore"]>'.
../testeranto/src/lib/core.ts(235,13): error TS2554: Expected 5 arguments, but got 6.
../testeranto/src/lib/index.ts(75,19): error TS2322: Type 'unknown' is not assignable to type 'Promise<unknown>'.
../testeranto/src/Node.ts(84,5): error TS2345: Argument of type 'Partial<INodeTestInterface<ITestShape>>' is not assignable to parameter of type 'Partial<ITestInterface<ITestShape>>'.
  Types of property 'beforeEach' are incompatible.
    Type '((subject: ITestShape["isubject"], initializer: (c?: any) => ITestShape["given"], artificer: ITestArtificer, testResource: ITTestResourceConfiguration, initialValues: any, pm: PM) => Promise<...>) | undefined' is not assignable to type '((subject: ITestShape["isubject"], initializer: (c?: any) => ITestShape["given"], testResource: ITTestResourceConfiguration, initialValues: any, pm: PM) => Promise<...>) | undefined'.
      Type '(subject: ITestShape["isubject"], initializer: (c?: any) => ITestShape["given"], artificer: ITestArtificer, testResource: ITTestResourceConfiguration, initialValues: any, pm: PM) => Promise<...>' is not assignable to type '(subject: ITestShape["isubject"], initializer: (c?: any) => ITestShape["given"], testResource: ITTestResourceConfiguration, initialValues: any, pm: PM) => Promise<...>'.
../testeranto/src/PM/index.ts(13,3): error TS2564: Property 'testResourceConfiguration' has no initializer and is not definitely assigned in the constructor.
../testeranto/src/SubPackages/react-dom/component/node.ts(26,36): error TS2314: Generic type 'IBaseTest' requires 12 type argument(s).
../testeranto/src/SubPackages/react/jsx/index.ts(19,42): error TS2314: Generic type 'IBaseTest' requires 12 type argument(s).
../testeranto/src/SubPackages/react/jsx/index.ts(22,42): error TS2314: Generic type 'IBaseTest' requires 12 type argument(s).
info Visit https://yarnpkg.com/en/docs/cli/run for documentation about this command.
