{
  "src/app.reduxToolkit.test.ts": [
    [
      "src/app.reduxToolkit.test.ts(83,3): error TS2345: Argument of type 'ITestImplementation<IAppSpecification, { givens: { AnEmptyState: () => () => IStoreState; AStateWithEmail: () => (Iw_0: string) => IStoreState; }; whens: { TheLoginIsSubmitted: () => [...]; TheEmailIsSetTo: (Iw_0: string) => [...]; ThePasswordIsSetTo: (Iw_0: string) => [...]; }; checks: { ...; }; }>' is not assignable to parameter of type 'ITestImplementation<IAppSpecification, { givens: { [x: string]: () => (...Iw: IAppSpecification) => IStoreState; }; whens: { TheLoginIsSubmitted: () => WhenShape; TheEmailIsSetTo: (Iw_0: string) => WhenShape; ThePasswordIsSetTo: (Iw_0: string) => WhenShape; }; }>'.",
      "  Type 'ITestImplementation<IAppSpecification, { givens: { AnEmptyState: () => () => IStoreState; AStateWithEmail: () => (Iw_0: string) => IStoreState; }; whens: { TheLoginIsSubmitted: () => [...]; TheEmailIsSetTo: (Iw_0: string) => [...]; ThePasswordIsSetTo: (Iw_0: string) => [...]; }; checks: { ...; }; }>' is not assignable to type 'Omit<{ suites: { Default: string; }; givens: { AnEmptyState: () => IStoreState; AStateWithEmail: (Ig_0: string) => IStoreState; }; whens: { TheLoginIsSubmitted: () => (zel: IStoreState, utils: PM) => Promise<...>; TheEmailIsSetTo: (Iw_0: string) => (zel: IStoreState, utils: PM) => Promise<...>; ThePasswordIsSetTo: (...'.",
      "    The types returned by 'checks.AnEmptyState(...)' are incompatible between these types.",
      "      Type '() => IStoreState' is not assignable to type 'IStoreState'."
    ]
  ],
  "src/ClassicalComponent/react-dom/client.web.test.tsx": [
    [
      "src/ClassicalComponent/react-dom/client.web.test.tsx(75,31): error TS2339: Property 'browser' does not exist on type 'PM'."
    ]
  ],
  "src/ClassicalComponent/react-dom/server.node.test.tsx": [
    [
      "src/ClassicalComponent/react-dom/server.node.test.tsx(80,31): error TS2314: Generic type 'ITestSpecification' requires 1 type argument(s)."
    ],
    [
      "src/ClassicalComponent/react-dom/server.node.test.tsx(107,3): error TS2345: Argument of type '{ suites: { Default: string; }; givens: { AnEmptyState: () => () => { props: { foo: string; }; }; }; whens: {}; thens: { renderToStaticMarkup: (expectation: any) => (reactNodes: any) => Promise<void>; renderToStaticNodeStream: (expectation: any) => (reactNodes: any) => Promise<...>; }; checks: { ...; }; }' is not assignable to parameter of type 'string'."
    ]
  ],
  "src/ClassicalComponent/react-test-renderer/test.implementation.ts": [
    [
      "src/ClassicalComponent/react-test-renderer/test.implementation.ts(7,34): error TS2314: Generic type 'IImpl' requires 1 type argument(s)."
    ]
  ],
  "src/google.puppeteer.testeranto.test.ts": [
    [
      "src/google.puppeteer.testeranto.test.ts(3,37): error TS2307: Cannot find module '../myTests/puppeteer.testeranto.test' or its corresponding type declarations."
    ]
  ],
  "src/LoginPage/index.tsx": [
    [
      "src/LoginPage/index.tsx(48,43): error TS2345: Argument of type 'string' is not assignable to parameter of type 'never'."
    ]
  ],
  "src/LoginPage/react-dom/web.test.tsx": [
    [
      "src/LoginPage/react-dom/web.test.tsx(50,36): error TS2339: Property 'createRoot' does not exist on type 'typeof import(\"/Users/adam/Code/kokomoBay/node_modules/@types/react-dom/index\")'."
    ]
  ],
  "src/LoginPage/react-test-renderer/test.tsx": [
    [
      "src/LoginPage/react-test-renderer/test.tsx(44,32): error TS2322: Type '(component: any) => void' is not assignable to type '(zel: any, utils: PM) => Promise<void>'."
    ],
    [
      "src/LoginPage/react-test-renderer/test.tsx(61,3): error TS2739: Type '{ TheEmailIs: (email: string) => (component: any) => void; TheEmailIsNot: (email: string) => (component: any) => void; ThePasswordIs: (password: string) => (component: any) => void; ThePasswordIsNot: (password: string) => (component: any) => void; ThereIsAnEmailError: () => (component: ReactTestRenderer) => void; Th...' is missing the following properties from type '{ TheEmailIs: (It_0: string) => (ssel: any, utils: PM) => unknown; TheEmailIsNot: (It_0: string) => (ssel: any, utils: PM) => unknown; ThePasswordIs: (It_0: string) => (ssel: any, utils: PM) => unknown; ... 5 more ...; TheSubmitButtonIsNotActive: () => (ssel: any, utils: PM) => unknown; }': ThereIsACredentialError, TheSubmitButtonIsActive, TheSubmitButtonIsNotActive"
    ]
  ],
  "src/LoginPage/react/test.tsx": [
    [
      "src/LoginPage/react/test.tsx(42,32): error TS2322: Type '(reactElem: any) => void' is not assignable to type '(zel: any, utils: PM) => Promise<void>'."
    ],
    [
      "src/LoginPage/react/test.tsx(45,33): error TS2322: Type '(reactElem: any) => void' is not assignable to type '(zel: any, utils: PM) => Promise<void>'."
    ],
    [
      "src/LoginPage/react/test.tsx(50,39): error TS2322: Type '(reactElem: any) => void' is not assignable to type '(zel: any, utils: PM) => Promise<void>'."
    ],
    [
      "src/LoginPage/react/test.tsx(55,3): error TS2739: Type '{ TheEmailIs: (email: string) => (reactElem: any) => void; TheEmailIsNot: (email: string) => (reactElem: any) => void; ThePasswordIs: (password: string) => (reactElem: any) => void; ThePasswordIsNot: (password: string) => (reactElem: any) => void; ThereIsAnEmailError: () => (reactElem: any) => void; ThereIsNotAnEmai...' is missing the following properties from type '{ TheEmailIs: (It_0: string) => (ssel: any, utils: PM) => unknown; TheEmailIsNot: (It_0: string) => (ssel: any, utils: PM) => unknown; ThePasswordIs: (It_0: string) => (ssel: any, utils: PM) => unknown; ... 5 more ...; TheSubmitButtonIsNotActive: () => (ssel: any, utils: PM) => unknown; }': ThereIsACredentialError, TheSubmitButtonIsActive, TheSubmitButtonIsNotActive"
    ]
  ],
  "src/MyFirstContract.basic.test.ts": [
    [
      "src/MyFirstContract.basic.test.ts(8,29): error TS2307: Cannot find module './contracts/MyFirstContract.sol' or its corresponding type declarations."
    ]
  ],
  "src/MyFirstContract.solidity-react.interface.test.ts": [
    [
      "src/MyFirstContract.solidity-react.interface.test.ts(42,31): error TS2339: Property 'browser' does not exist on type 'PM'."
    ],
    [
      "src/MyFirstContract.solidity-react.interface.test.ts(77,28): error TS2339: Property 'browser' does not exist on type 'PM'."
    ],
    [
      "src/MyFirstContract.solidity-react.interface.test.ts(134,28): error TS2339: Property 'browser' does not exist on type 'PM'."
    ],
    [
      "src/MyFirstContract.solidity-react.interface.test.ts(186,28): error TS2339: Property 'browser' does not exist on type 'PM'."
    ],
    [
      "src/MyFirstContract.solidity-react.interface.test.ts(231,28): error TS2339: Property 'browser' does not exist on type 'PM'."
    ]
  ],
  "src/MyFirstContract.solidity-react.shape.test.ts": [
    [
      "src/MyFirstContract.solidity-react.shape.test.ts(27,5): error TS2314: Generic type 'IBaseTest' requires 12 type argument(s)."
    ]
  ],
  "src/MyFirstContract.specification.test.ts": [
    [
      "src/MyFirstContract.specification.test.ts(3,29): error TS2307: Cannot find module './contracts/MyFirstContract.sol' or its corresponding type declarations."
    ]
  ],
  "src/MyFirstContractServer.ts": [
    [
      "src/MyFirstContractServer.ts(5,29): error TS2307: Cannot find module './contracts/MyFirstContract.sol' or its corresponding type declarations."
    ]
  ],
  "src/MyFirstContractUI.tsx": [
    [
      "src/MyFirstContractUI.tsx(7,29): error TS2307: Cannot find module './contracts/MyFirstContract.sol' or its corresponding type declarations."
    ]
  ],
  "src/ReactStateAndHook.test.tsx": [
    [
      "src/ReactStateAndHook.test.tsx(112,3): error TS2345: Argument of type 'ITestImplementation<ISpec, { givens: { Default: (...Iw: any) => void; }; }>' is not assignable to parameter of type 'ITestImpl<ISpec>'.",
      "  Type 'ITestImplementation<ISpec, { givens: { Default: (...Iw: any) => void; }; }>' is not assignable to type 'Omit<{ suites: { Default: string; }; givens: { Default: (...Ig: any) => (x: any) => unknown; }; whens: { IClick: () => (zel: any, utils: PM) => Promise<(rectangle: any) => unknown>; }; thens: { TheCounterIs: (It_0: number) => (ssel: any, utils: PM) => unknown; }; checks: { ...; }; }, never>'.",
      "    The types returned by 'givens.Default(...)' are incompatible between these types.",
      "      Type 'void' is not assignable to type '(x: any) => unknown'."
    ]
  ],
  "src/Rectangle/Rectangle.test.electron.ts": [
    [
      "src/Rectangle/Rectangle.test.electron.ts(11,3): error TS2345: Argument of type 'ITestImplementation<IRectangleTestShape, { givens: { Default: (...Iw: any) => Rectangle; WidthOfOneAndHeightOfOne: (...Iw: any) => Rectangle; WidthAndHeightOf: (Iw_0: number, Iw_1: number) => Rectangle; }; whens: { ...; }; }>' is not assignable to parameter of type 'ITestImplementation<IRectangleTestShape, object>'."
    ],
    [
      "src/Rectangle/Rectangle.test.electron.ts(21,35): error TS2339: Property 'browser' does not exist on type 'PM'."
    ]
  ],
  "src/Rectangle/Rectangle.test.node.ts": [
    [
      "src/Rectangle/Rectangle.test.node.ts(112,3): error TS2345: Argument of type 'ITestImplementation<IRectangleTestShape, { givens: { Default: (...Iw: any) => Rectangle; WidthOfOneAndHeightOfOne: (...Iw: any) => Rectangle; WidthAndHeightOf: (Iw_0: number, Iw_1: number) => Rectangle; }; whens: { ...; }; }>' is not assignable to parameter of type 'ITestImplementation<IRectangleTestShape, object>'."
    ]
  ],
  "src/Rectangle/Rectangle.test.puppeteer.ts": [
    [
      "src/Rectangle/Rectangle.test.puppeteer.ts(1,24): error TS2307: Cannot find module 'testeranto/src/core-puppeteer' or its corresponding type declarations."
    ],
    [
      "src/Rectangle/Rectangle.test.puppeteer.ts(5,3): error TS2305: Module '\"../Rectangle.test\"' has no exported member 'Input'."
    ],
    [
      "src/Rectangle/Rectangle.test.puppeteer.ts(6,3): error TS2459: Module '\"../Rectangle.test\"' declares 'IRectangleTestShape' locally, but it is not exported."
    ],
    [
      "src/Rectangle/Rectangle.test.puppeteer.ts(9,3): error TS2305: Module '\"../Rectangle.test\"' has no exported member 'RectangleTesterantoBaseTestImplementation'."
    ],
    [
      "src/Rectangle/Rectangle.test.puppeteer.ts(10,3): error TS2305: Module '\"../Rectangle.test\"' has no exported member 'RectangleTesterantoBaseTestSpecification'."
    ],
    [
      "src/Rectangle/Rectangle.test.puppeteer.ts(11,3): error TS2305: Module '\"../Rectangle.test\"' has no exported member 'ThenShape'."
    ],
    [
      "src/Rectangle/Rectangle.test.puppeteer.ts(12,3): error TS2305: Module '\"../Rectangle.test\"' has no exported member 'WhenShape'."
    ]
  ],
  "src/server.http.test.ts": [
    [
      "src/server.http.test.ts(6,32): error TS2307: Cannot find module '../myTests/http.testeranto.test' or its corresponding type declarations."
    ]
  ],
  "src/server.test.ts": [
    [
      "src/server.test.ts(1,36): error TS2307: Cannot find module 'testeranto/src/core' or its corresponding type declarations."
    ],
    [
      "src/server.test.ts(2,51): error TS2307: Cannot find module '../myTests/http.testeranto.test' or its corresponding type declarations."
    ]
  ],
  "src/subPackages/redux.testeranto.test.ts": [
    [
      "src/subPackages/redux.testeranto.test.ts(30,65): error TS2314: Generic type 'IBaseTest' requires 12 type argument(s).",
      "  Type 'ITestImplementation<ITestShape, { givens: { [K in keyof ITestShape[\"givens\"]]: () => (...Iw: ITestShape[\"givens\"][K]) => ITestShape; }; whens: { [K in keyof ITestShape[\"whens\"]]: (...Iw: ITestShape[\"whens\"][K]) => WhenShape; }; }>' is not assignable to type 'Omit<{ suites: { [K in keyof ITestShape[\"suites\"]]: string; }; givens: { [K in keyof ITestShape[\"givens\"]]: (...Ig: ITestShape[\"givens\"][K]) => ITestShape[\"given\"]; }; whens: { [K in keyof ITestShape[\"whens\"]]: (...Iw: ITestShape[\"whens\"][K]) => (zel: ITestShape[\"iselection\"], utils: PM) => Promise<...>; }; thens: {...'.",
      "    Types of property 'whens' are incompatible.",
      "      Type '{ [K in keyof ITestShape[\"whens\"]]: (...Iw: ITestShape[\"whens\"][K]) => WhenShape; }' is not assignable to type '{ [K in keyof ITestShape[\"whens\"]]: (...Iw: ITestShape[\"whens\"][K]) => (zel: ITestShape[\"iselection\"], utils: PM) => Promise<ITestShape[\"when\"]>; }'.",
      "        Type '(...Iw: ITestShape[\"whens\"][K]) => WhenShape' is not assignable to type '(...Iw: ITestShape[\"whens\"][K]) => (zel: ITestShape[\"iselection\"], utils: PM) => Promise<ITestShape[\"when\"]>'.",
      "          Type 'WhenShape' is not assignable to type '(zel: ITestShape[\"iselection\"], utils: PM) => Promise<ITestShape[\"when\"]>'.",
      "            Type '[tt, t]' provides no match for the signature '(zel: ITestShape[\"iselection\"], utils: PM): Promise<ITestShape[\"when\"]>'."
    ],
    [
      "src/subPackages/redux.testeranto.test.ts(71,5): error TS2345: Argument of type 'ITestImplementation<ITestShape, { givens: { [K in keyof ITestShape[\"givens\"]]: () => (...Iw: ITestShape[\"givens\"][K]) => ITestShape; }; whens: { [K in keyof ITestShape[\"whens\"]]: (...Iw: ITestShape[\"whens\"][K]) => WhenShape; }; }>' is not assignable to parameter of type 'ITestImplementation<ITestShape, object>'.",
      "  Type 'ITestImplementation<ITestShape, { givens: { [K in keyof ITestShape[\"givens\"]]: () => (...Iw: ITestShape[\"givens\"][K]) => ITestShape; }; whens: { [K in keyof ITestShape[\"whens\"]]: (...Iw: ITestShape[\"whens\"][K]) => WhenShape; }; }>' is not assignable to type 'Omit<{ suites: { [K in keyof ITestShape[\"suites\"]]: string; }; givens: { [K in keyof ITestShape[\"givens\"]]: (...Ig: ITestShape[\"givens\"][K]) => ITestShape[\"given\"]; }; whens: { [K in keyof ITestShape[\"whens\"]]: (...Iw: ITestShape[\"whens\"][K]) => (zel: ITestShape[\"iselection\"], utils: PM) => Promise<...>; }; thens: {...'.",
      "    Types of property 'whens' are incompatible.",
      "      Type '{ [K in keyof ITestShape[\"whens\"]]: (...Iw: ITestShape[\"whens\"][K]) => WhenShape; }' is not assignable to type '{ [K in keyof ITestShape[\"whens\"]]: (...Iw: ITestShape[\"whens\"][K]) => (zel: ITestShape[\"iselection\"], utils: PM) => Promise<ITestShape[\"when\"]>; }'.",
      "        Type '(...Iw: ITestShape[\"whens\"][K]) => WhenShape' is not assignable to type '(...Iw: ITestShape[\"whens\"][K]) => (zel: ITestShape[\"iselection\"], utils: PM) => Promise<ITestShape[\"when\"]>'.",
      "          Type 'WhenShape' is not assignable to type '(zel: ITestShape[\"iselection\"], utils: PM) => Promise<ITestShape[\"when\"]>'.",
      "            Type '[tt, t]' provides no match for the signature '(zel: ITestShape[\"iselection\"], utils: PM): Promise<ITestShape[\"when\"]>'."
    ]
  ],
  "src/subPackages/reduxToolkit.testeranto.test.ts": [
    [
      "src/subPackages/reduxToolkit.testeranto.test.ts(16,29): error TS2307: Cannot find module '../src/app' or its corresponding type declarations.",
      "  Type 'ITestImplementation<ITestShape, { givens: { [x: string]: () => (...Iw: IAppSpecification) => IStoreState; }; whens: { [K in keyof ITestShape[\"whens\"]]: (...Iw: ITestShape[\"whens\"][K]) => WhenShape; }; }>' is not assignable to type 'Omit<{ suites: { [K in keyof ITestShape[\"suites\"]]: string; }; givens: { [K in keyof ITestShape[\"givens\"]]: (...Ig: ITestShape[\"givens\"][K]) => ITestShape[\"given\"]; }; whens: { [K in keyof ITestShape[\"whens\"]]: (...Iw: ITestShape[\"whens\"][K]) => (zel: ITestShape[\"iselection\"], utils: PM) => Promise<...>; }; thens: {...'.",
      "    Types of property 'givens' are incompatible.",
      "      Type '{ [x: string]: () => (...Iw: IAppSpecification) => IStoreState; }' is not assignable to type '{ [K in keyof ITestShape[\"givens\"]]: (...Ig: ITestShape[\"givens\"][K]) => ITestShape[\"given\"]; }'."
    ],
    [
      "src/subPackages/reduxToolkit.testeranto.test.ts(17,35): error TS2307: Cannot find module '../src/app.test' or its corresponding type declarations.",
      "  Type 'ITestImplementation<ITestShape, { givens: { [x: string]: () => (...Iw: IAppSpecification) => IStoreState; }; whens: { [K in keyof ITestShape[\"whens\"]]: (...Iw: ITestShape[\"whens\"][K]) => WhenShape; }; }>' is not assignable to type 'Omit<{ suites: { [K in keyof ITestShape[\"suites\"]]: string; }; givens: { [K in keyof ITestShape[\"givens\"]]: (...Ig: ITestShape[\"givens\"][K]) => ITestShape[\"given\"]; }; whens: { [K in keyof ITestShape[\"whens\"]]: (...Iw: ITestShape[\"whens\"][K]) => (zel: ITestShape[\"iselection\"], utils: PM) => Promise<...>; }; thens: {...'.",
      "    Types of property 'givens' are incompatible.",
      "      Type '{ [x: string]: () => (...Iw: IAppSpecification) => IStoreState; }' is not assignable to type '{ [K in keyof ITestShape[\"givens\"]]: (...Ig: ITestShape[\"givens\"][K]) => ITestShape[\"given\"]; }'."
    ],
    [
      "src/subPackages/reduxToolkit.testeranto.test.ts(40,22): error TS2314: Generic type 'IBaseTest' requires 12 type argument(s).",
      "  Type 'ITestImplementation<ITestShape, { givens: { [x: string]: () => (...Iw: IAppSpecification) => IStoreState; }; whens: { [K in keyof ITestShape[\"whens\"]]: (...Iw: ITestShape[\"whens\"][K]) => WhenShape; }; }>' is not assignable to type 'Omit<{ suites: { [K in keyof ITestShape[\"suites\"]]: string; }; givens: { [K in keyof ITestShape[\"givens\"]]: (...Ig: ITestShape[\"givens\"][K]) => ITestShape[\"given\"]; }; whens: { [K in keyof ITestShape[\"whens\"]]: (...Iw: ITestShape[\"whens\"][K]) => (zel: ITestShape[\"iselection\"], utils: PM) => Promise<...>; }; thens: {...'.",
      "    Types of property 'givens' are incompatible.",
      "      Type '{ [x: string]: () => (...Iw: IAppSpecification) => IStoreState; }' is not assignable to type '{ [K in keyof ITestShape[\"givens\"]]: (...Ig: ITestShape[\"givens\"][K]) => ITestShape[\"given\"]; }'."
    ],
    [
      "src/subPackages/reduxToolkit.testeranto.test.ts(84,5): error TS2345: Argument of type 'ITestImplementation<ITestShape, { givens: { [x: string]: () => (...Iw: IAppSpecification) => IStoreState; }; whens: { [K in keyof ITestShape[\"whens\"]]: (...Iw: ITestShape[\"whens\"][K]) => WhenShape; }; }>' is not assignable to parameter of type 'ITestImplementation<ITestShape, object>'.",
      "  Type 'ITestImplementation<ITestShape, { givens: { [x: string]: () => (...Iw: IAppSpecification) => IStoreState; }; whens: { [K in keyof ITestShape[\"whens\"]]: (...Iw: ITestShape[\"whens\"][K]) => WhenShape; }; }>' is not assignable to type 'Omit<{ suites: { [K in keyof ITestShape[\"suites\"]]: string; }; givens: { [K in keyof ITestShape[\"givens\"]]: (...Ig: ITestShape[\"givens\"][K]) => ITestShape[\"given\"]; }; whens: { [K in keyof ITestShape[\"whens\"]]: (...Iw: ITestShape[\"whens\"][K]) => (zel: ITestShape[\"iselection\"], utils: PM) => Promise<...>; }; thens: {...'.",
      "    Types of property 'givens' are incompatible.",
      "      Type '{ [x: string]: () => (...Iw: IAppSpecification) => IStoreState; }' is not assignable to type '{ [K in keyof ITestShape[\"givens\"]]: (...Ig: ITestShape[\"givens\"][K]) => ITestShape[\"given\"]; }'."
    ]
  ],
  "src/subPackages/solidity+react/solidity+react.ts": [
    [
      "src/subPackages/solidity+react/solidity+react.ts(2,23): error TS2688: Cannot find type definition file for '../index.d.ts'.",
      "  Object literal may only specify known properties, and 'contractNearSide' does not exist in type 'PromiseLike<IT[\"istore\"]>'."
    ],
    [
      "src/subPackages/solidity+react/solidity+react.ts(17,32): error TS2307: Cannot find module '../../../testeranto/src/lib/types' or its corresponding type declarations.",
      "  Object literal may only specify known properties, and 'contractNearSide' does not exist in type 'PromiseLike<IT[\"istore\"]>'."
    ],
    [
      "src/subPackages/solidity+react/solidity+react.ts(28,28): error TS2314: Generic type 'IBaseTest' requires 12 type argument(s).",
      "  Object literal may only specify known properties, and 'contractNearSide' does not exist in type 'PromiseLike<IT[\"istore\"]>'."
    ],
    [
      "src/subPackages/solidity+react/solidity+react.ts(82,13): error TS2345: Argument of type '{ contractNearSide: ContractWeb3; contractFarSide: ethers.Contract; accounts: string[]; server: Server<EthereumFlavor>; }' is not assignable to parameter of type 'IT[\"istore\"] | PromiseLike<IT[\"istore\"]>'.",
      "  Object literal may only specify known properties, and 'contractNearSide' does not exist in type 'PromiseLike<IT[\"istore\"]>'."
    ]
  ],
  "src/subPackages/solidity/Contract-rpc.testeranto.test.ts": [
    [
      "src/subPackages/solidity/Contract-rpc.testeranto.test.ts(2,23): error TS2688: Cannot find type definition file for './index.d.ts'.",
      "  Types of property 'beforeEach' are incompatible.",
      "    Type '((subject: IT[\"isubject\"], initializer: (c?: any) => IT[\"given\"], testResource: ITTestResourceConfiguration, initialValues: any, pm: PM) => Promise<...>) | undefined' is not assignable to type '((subject: IT[\"isubject\"], initializer: (c?: any) => IT[\"given\"], artificer: ITestArtificer, testResource: ITTestResourceConfiguration, initialValues: any, pm: PM) => Promise<...>) | undefined'.",
      "      Type '(subject: IT[\"isubject\"], initializer: (c?: any) => IT[\"given\"], testResource: ITTestResourceConfiguration, initialValues: any, pm: PM) => Promise<...>' is not assignable to type '(subject: IT[\"isubject\"], initializer: (c?: any) => IT[\"given\"], artificer: ITestArtificer, testResource: ITTestResourceConfiguration, initialValues: any, pm: PM) => Promise<...>'."
    ],
    [
      "src/subPackages/solidity/Contract-rpc.testeranto.test.ts(17,32): error TS2307: Cannot find module '../../../testeranto/src/lib/types' or its corresponding type declarations.",
      "  Types of property 'beforeEach' are incompatible.",
      "    Type '((subject: IT[\"isubject\"], initializer: (c?: any) => IT[\"given\"], testResource: ITTestResourceConfiguration, initialValues: any, pm: PM) => Promise<...>) | undefined' is not assignable to type '((subject: IT[\"isubject\"], initializer: (c?: any) => IT[\"given\"], artificer: ITestArtificer, testResource: ITTestResourceConfiguration, initialValues: any, pm: PM) => Promise<...>) | undefined'.",
      "      Type '(subject: IT[\"isubject\"], initializer: (c?: any) => IT[\"given\"], testResource: ITTestResourceConfiguration, initialValues: any, pm: PM) => Promise<...>' is not assignable to type '(subject: IT[\"isubject\"], initializer: (c?: any) => IT[\"given\"], artificer: ITestArtificer, testResource: ITTestResourceConfiguration, initialValues: any, pm: PM) => Promise<...>'."
    ],
    [
      "src/subPackages/solidity/Contract-rpc.testeranto.test.ts(28,28): error TS2314: Generic type 'IBaseTest' requires 12 type argument(s).",
      "  Types of property 'beforeEach' are incompatible.",
      "    Type '((subject: IT[\"isubject\"], initializer: (c?: any) => IT[\"given\"], testResource: ITTestResourceConfiguration, initialValues: any, pm: PM) => Promise<...>) | undefined' is not assignable to type '((subject: IT[\"isubject\"], initializer: (c?: any) => IT[\"given\"], artificer: ITestArtificer, testResource: ITTestResourceConfiguration, initialValues: any, pm: PM) => Promise<...>) | undefined'.",
      "      Type '(subject: IT[\"isubject\"], initializer: (c?: any) => IT[\"given\"], testResource: ITTestResourceConfiguration, initialValues: any, pm: PM) => Promise<...>' is not assignable to type '(subject: IT[\"isubject\"], initializer: (c?: any) => IT[\"given\"], artificer: ITestArtificer, testResource: ITTestResourceConfiguration, initialValues: any, pm: PM) => Promise<...>'."
    ],
    [
      "src/subPackages/solidity/Contract-rpc.testeranto.test.ts(92,13): error TS2345: Argument of type '{ contractNearSide: ContractWeb3; contractFarSide: ethers.Contract; accounts: string[]; server: Server<EthereumFlavor>; }' is not assignable to parameter of type 'IT[\"istore\"] | PromiseLike<IT[\"istore\"]>'.",
      "  Types of property 'beforeEach' are incompatible.",
      "    Type '((subject: IT[\"isubject\"], initializer: (c?: any) => IT[\"given\"], testResource: ITTestResourceConfiguration, initialValues: any, pm: PM) => Promise<...>) | undefined' is not assignable to type '((subject: IT[\"isubject\"], initializer: (c?: any) => IT[\"given\"], artificer: ITestArtificer, testResource: ITTestResourceConfiguration, initialValues: any, pm: PM) => Promise<...>) | undefined'.",
      "      Type '(subject: IT[\"isubject\"], initializer: (c?: any) => IT[\"given\"], testResource: ITTestResourceConfiguration, initialValues: any, pm: PM) => Promise<...>' is not assignable to type '(subject: IT[\"isubject\"], initializer: (c?: any) => IT[\"given\"], artificer: ITestArtificer, testResource: ITTestResourceConfiguration, initialValues: any, pm: PM) => Promise<...>'."
    ],
    [
      "src/subPackages/solidity/Contract-rpc.testeranto.test.ts(119,5): error TS2345: Argument of type 'Partial<ITestInterface<IT>>' is not assignable to parameter of type 'Partial<INodeTestInterface<IT>>'.",
      "  Types of property 'beforeEach' are incompatible.",
      "    Type '((subject: IT[\"isubject\"], initializer: (c?: any) => IT[\"given\"], testResource: ITTestResourceConfiguration, initialValues: any, pm: PM) => Promise<...>) | undefined' is not assignable to type '((subject: IT[\"isubject\"], initializer: (c?: any) => IT[\"given\"], artificer: ITestArtificer, testResource: ITTestResourceConfiguration, initialValues: any, pm: PM) => Promise<...>) | undefined'.",
      "      Type '(subject: IT[\"isubject\"], initializer: (c?: any) => IT[\"given\"], testResource: ITTestResourceConfiguration, initialValues: any, pm: PM) => Promise<...>' is not assignable to type '(subject: IT[\"isubject\"], initializer: (c?: any) => IT[\"given\"], artificer: ITestArtificer, testResource: ITTestResourceConfiguration, initialValues: any, pm: PM) => Promise<...>'."
    ]
  ],
  "src/subPackages/solidity/Contract.testeranto.test.ts": [
    [
      "src/subPackages/solidity/Contract.testeranto.test.ts(1,23): error TS2688: Cannot find type definition file for './index.d.ts'."
    ],
    [
      "src/subPackages/solidity/Contract.testeranto.test.ts(32,28): error TS2314: Generic type 'IBaseTest' requires 12 type argument(s)."
    ]
  ],
  "src/subPackages/solidity/react.testeranto.ts": [
    [
      "src/subPackages/solidity/react.testeranto.ts(23,36): error TS2314: Generic type 'IBaseTest' requires 12 type argument(s)."
    ]
  ]
}