test resources: ,[object Object]

Suite:,0,Testing the Rectangle class

 Given: Default
 When:,setWidth: 4
 When:,setHeight: 9
 Then:,getWidth: 4
AssertionError: expected undefined to equal 4


 Given: Default
 When:,setWidth: 4
 When:,setHeight: 5
 Then:,getWidth: 4
AssertionError: expected undefined to equal 4


 Given: Default
 When:,setHeight: 4
 When:,setWidth: 3
 Then:,area: 12
AssertionError: expected NaN to equal 12


 Given: Default
 When:,setHeight: 5
 When:,setWidth: 5
 Then:,area: 5
AssertionError: expected NaN to equal 5

